{"/home/travis/build/npmtest/node-npmtest-timeago.js/test.js":{"path":"/home/travis/build/npmtest/node-npmtest-timeago.js/test.js","s":{"1":2,"2":2,"3":2,"4":2,"5":2,"6":2,"7":2,"8":1,"9":2,"10":2,"11":1,"12":1,"13":1,"14":1,"15":2,"16":2,"17":2,"18":2,"19":1,"20":1,"21":2,"22":2,"23":2,"24":1,"25":1,"26":1,"27":1,"28":1,"29":1,"30":1,"31":1,"32":1,"33":1,"34":1,"35":1,"36":1,"37":1,"38":1,"39":2,"40":2,"41":1,"42":2,"43":2,"44":1,"45":2,"46":2,"47":1,"48":2,"49":2,"50":1,"51":1,"52":1,"53":1,"54":1},"b":{"1":[2,1,1,1],"2":[1,1,1,1],"3":[1,1],"4":[1,1],"5":[1,1],"6":[1,1],"7":[1,1],"8":[1,1],"9":[1,1],"10":[1,1,1],"11":[1,1],"12":[1,1],"13":[1,1],"14":[1,1],"15":[1,1],"16":[1,1],"17":[1,1]},"f":{"1":2,"2":2,"3":2,"4":2,"5":2,"6":1,"7":1,"8":1,"9":2,"10":2,"11":2,"12":2,"13":1},"fnMap":{"1":{"name":"(anonymous_1)","line":12,"loc":{"start":{"line":12,"column":1},"end":{"line":12,"column":13}}},"2":{"name":"(anonymous_2)","line":19,"loc":{"start":{"line":19,"column":5},"end":{"line":19,"column":17}}},"3":{"name":"(anonymous_3)","line":23,"loc":{"start":{"line":23,"column":24},"end":{"line":23,"column":36}}},"4":{"name":"(anonymous_4)","line":61,"loc":{"start":{"line":61,"column":5},"end":{"line":61,"column":17}}},"5":{"name":"(anonymous_5)","line":82,"loc":{"start":{"line":82,"column":5},"end":{"line":82,"column":17}}},"6":{"name":"(anonymous_6)","line":91,"loc":{"start":{"line":91,"column":77},"end":{"line":94,"column":10}}},"7":{"name":"(anonymous_7)","line":112,"loc":{"start":{"line":112,"column":83},"end":{"line":115,"column":10}},"skip":true},"8":{"name":"(anonymous_8)","line":123,"loc":{"start":{"line":123,"column":77},"end":{"line":126,"column":10}},"skip":true},"9":{"name":"(anonymous_9)","line":139,"loc":{"start":{"line":139,"column":12},"end":{"line":139,"column":40}},"skip":true},"10":{"name":"(anonymous_10)","line":147,"loc":{"start":{"line":147,"column":77},"end":{"line":150,"column":10}},"skip":true},"11":{"name":"(anonymous_11)","line":158,"loc":{"start":{"line":158,"column":83},"end":{"line":161,"column":10}},"skip":true},"12":{"name":"(anonymous_12)","line":169,"loc":{"start":{"line":169,"column":79},"end":{"line":172,"column":10}},"skip":true},"13":{"name":"(anonymous_13)","line":180,"loc":{"start":{"line":180,"column":75},"end":{"line":183,"column":10}},"skip":true}},"statementMap":{"1":{"start":{"line":12,"column":0},"end":{"line":195,"column":5}},"2":{"start":{"line":14,"column":4},"end":{"line":14,"column":14}},"3":{"start":{"line":19,"column":4},"end":{"line":56,"column":9}},"4":{"start":{"line":21,"column":8},"end":{"line":21,"column":19}},"5":{"start":{"line":23,"column":8},"end":{"line":35,"column":13}},"6":{"start":{"line":24,"column":12},"end":{"line":34,"column":13}},"7":{"start":{"line":25,"column":16},"end":{"line":28,"column":30}},"8":{"start":{"line":30,"column":16},"end":{"line":33,"column":27}},"9":{"start":{"line":37,"column":8},"end":{"line":39,"column":21}},"10":{"start":{"line":40,"column":8},"end":{"line":53,"column":9}},"11":{"start":{"line":43,"column":12},"end":{"line":46,"column":14}},"12":{"start":{"line":47,"column":12},"end":{"line":47,"column":18}},"13":{"start":{"line":50,"column":12},"end":{"line":51,"column":33}},"14":{"start":{"line":52,"column":12},"end":{"line":52,"column":18}},"15":{"start":{"line":55,"column":8},"end":{"line":55,"column":35}},"16":{"start":{"line":61,"column":4},"end":{"line":63,"column":9}},"17":{"start":{"line":62,"column":8},"end":{"line":62,"column":15}},"18":{"start":{"line":64,"column":4},"end":{"line":77,"column":5}},"19":{"start":{"line":70,"column":8},"end":{"line":70,"column":14}},"20":{"start":{"line":76,"column":8},"end":{"line":76,"column":14}},"21":{"start":{"line":82,"column":4},"end":{"line":84,"column":9}},"22":{"start":{"line":83,"column":8},"end":{"line":83,"column":15}},"23":{"start":{"line":85,"column":4},"end":{"line":194,"column":5}},"24":{"start":{"line":91,"column":8},"end":{"line":99,"column":10}},"25":{"start":{"line":98,"column":12},"end":{"line":98,"column":35}},"26":{"start":{"line":102,"column":8},"end":{"line":104,"column":63}},"27":{"start":{"line":105,"column":8},"end":{"line":105,"column":14}},"28":{"start":{"line":112,"column":8},"end":{"line":121,"column":10},"skip":true},"29":{"start":{"line":119,"column":12},"end":{"line":119,"column":55},"skip":true},"30":{"start":{"line":120,"column":12},"end":{"line":120,"column":48},"skip":true},"31":{"start":{"line":123,"column":8},"end":{"line":136,"column":10},"skip":true},"32":{"start":{"line":130,"column":12},"end":{"line":130,"column":76},"skip":true},"33":{"start":{"line":131,"column":12},"end":{"line":131,"column":73},"skip":true},"34":{"start":{"line":132,"column":12},"end":{"line":132,"column":74},"skip":true},"35":{"start":{"line":133,"column":12},"end":{"line":133,"column":79},"skip":true},"36":{"start":{"line":134,"column":12},"end":{"line":134,"column":25},"skip":true},"37":{"start":{"line":135,"column":12},"end":{"line":135,"column":45},"skip":true},"38":{"start":{"line":138,"column":8},"end":{"line":145,"column":14},"skip":true},"39":{"start":{"line":143,"column":16},"end":{"line":143,"column":29},"skip":true},"40":{"start":{"line":144,"column":16},"end":{"line":144,"column":55},"skip":true},"41":{"start":{"line":147,"column":8},"end":{"line":156,"column":10},"skip":true},"42":{"start":{"line":154,"column":12},"end":{"line":154,"column":25},"skip":true},"43":{"start":{"line":155,"column":12},"end":{"line":155,"column":45},"skip":true},"44":{"start":{"line":158,"column":8},"end":{"line":167,"column":10},"skip":true},"45":{"start":{"line":165,"column":12},"end":{"line":165,"column":25},"skip":true},"46":{"start":{"line":166,"column":12},"end":{"line":166,"column":48},"skip":true},"47":{"start":{"line":169,"column":8},"end":{"line":178,"column":10},"skip":true},"48":{"start":{"line":176,"column":12},"end":{"line":176,"column":25},"skip":true},"49":{"start":{"line":177,"column":12},"end":{"line":177,"column":46},"skip":true},"50":{"start":{"line":180,"column":8},"end":{"line":189,"column":10},"skip":true},"51":{"start":{"line":187,"column":12},"end":{"line":187,"column":94},"skip":true},"52":{"start":{"line":188,"column":12},"end":{"line":188,"column":48},"skip":true},"53":{"start":{"line":192,"column":8},"end":{"line":192,"column":35},"skip":true},"54":{"start":{"line":193,"column":8},"end":{"line":193,"column":14},"skip":true}},"branchMap":{"1":{"line":25,"type":"binary-expr","locations":[{"start":{"line":25,"column":23},"end":{"line":25,"column":62}},{"start":{"line":26,"column":20},"end":{"line":26,"column":70}},{"start":{"line":27,"column":20},"end":{"line":27,"column":71}},{"start":{"line":28,"column":20},"end":{"line":28,"column":29}}]},"2":{"line":30,"type":"binary-expr","locations":[{"start":{"line":30,"column":23},"end":{"line":30,"column":37}},{"start":{"line":31,"column":20},"end":{"line":31,"column":61}},{"start":{"line":32,"column":20},"end":{"line":32,"column":70}},{"start":{"line":33,"column":20},"end":{"line":33,"column":26}}]},"3":{"line":37,"type":"cond-expr","locations":[{"start":{"line":38,"column":14},"end":{"line":38,"column":20}},{"start":{"line":39,"column":14},"end":{"line":39,"column":20}}]},"4":{"line":40,"type":"switch","locations":[{"start":{"line":42,"column":8},"end":{"line":47,"column":18}},{"start":{"line":49,"column":8},"end":{"line":52,"column":18}}]},"5":{"line":44,"type":"binary-expr","locations":[{"start":{"line":44,"column":16},"end":{"line":44,"column":44}},{"start":{"line":44,"column":48},"end":{"line":44,"column":66}}]},"6":{"line":50,"type":"binary-expr","locations":[{"start":{"line":50,"column":21},"end":{"line":50,"column":49}},{"start":{"line":50,"column":53},"end":{"line":50,"column":72}}]},"7":{"line":64,"type":"switch","locations":[{"start":{"line":69,"column":4},"end":{"line":70,"column":14}},{"start":{"line":75,"column":4},"end":{"line":76,"column":14}}]},"8":{"line":85,"type":"switch","locations":[{"start":{"line":90,"column":4},"end":{"line":105,"column":14}},{"start":{"line":111,"column":4},"end":{"line":193,"column":14},"skip":true}]},"9":{"line":91,"type":"binary-expr","locations":[{"start":{"line":91,"column":42},"end":{"line":91,"column":73}},{"start":{"line":91,"column":77},"end":{"line":99,"column":9}}]},"10":{"line":102,"type":"binary-expr","locations":[{"start":{"line":102,"column":18},"end":{"line":102,"column":32}},{"start":{"line":103,"column":12},"end":{"line":103,"column":53}},{"start":{"line":104,"column":12},"end":{"line":104,"column":61}}]},"11":{"line":112,"type":"binary-expr","locations":[{"start":{"line":112,"column":45},"end":{"line":112,"column":79},"skip":true},{"start":{"line":112,"column":83},"end":{"line":121,"column":9},"skip":true}]},"12":{"line":123,"type":"binary-expr","locations":[{"start":{"line":123,"column":42},"end":{"line":123,"column":73},"skip":true},{"start":{"line":123,"column":77},"end":{"line":136,"column":9},"skip":true}]},"13":{"line":138,"type":"binary-expr","locations":[{"start":{"line":138,"column":48},"end":{"line":138,"column":85},"skip":true},{"start":{"line":139,"column":12},"end":{"line":145,"column":13},"skip":true}]},"14":{"line":147,"type":"binary-expr","locations":[{"start":{"line":147,"column":42},"end":{"line":147,"column":73},"skip":true},{"start":{"line":147,"column":77},"end":{"line":156,"column":9},"skip":true}]},"15":{"line":158,"type":"binary-expr","locations":[{"start":{"line":158,"column":45},"end":{"line":158,"column":79},"skip":true},{"start":{"line":158,"column":83},"end":{"line":167,"column":9},"skip":true}]},"16":{"line":169,"type":"binary-expr","locations":[{"start":{"line":169,"column":43},"end":{"line":169,"column":75},"skip":true},{"start":{"line":169,"column":79},"end":{"line":178,"column":9},"skip":true}]},"17":{"line":180,"type":"binary-expr","locations":[{"start":{"line":180,"column":41},"end":{"line":180,"column":71},"skip":true},{"start":{"line":180,"column":75},"end":{"line":189,"column":9},"skip":true}]}},"code":["/* istanbul instrument in package npmtest_timeago_js */","/*jslint","    bitwise: true,","    browser: true,","    maxerr: 8,","    maxlen: 96,","    node: true,","    nomen: true,","    regexp: true,","    stupid: true","*/","(function () {","    'use strict';","    var local;","","","","    // run shared js-env code - init-before","    (function () {","        // init local","        local = {};","        // init modeJs","        local.modeJs = (function () {","            try {","                return typeof navigator.userAgent === 'string' &&","                    typeof document.querySelector('body') === 'object' &&","                    typeof XMLHttpRequest.prototype.open === 'function' &&","                    'browser';","            } catch (errorCaughtBrowser) {","                return module.exports &&","                    typeof process.versions.node === 'string' &&","                    typeof require('http').createServer === 'function' &&","                    'node';","            }","        }());","        // init global","        local.global = local.modeJs === 'browser'","            ? window","            : global;","        switch (local.modeJs) {","        // re-init local from window.local","        case 'browser':","            local = local.global.utility2.objectSetDefault(","                local.global.utility2_rollup || local.global.local,","                local.global.utility2","            );","            break;","        // re-init local from example.js","        case 'node':","            local = (local.global.utility2_rollup || require('utility2'))","                .requireReadme();","            break;","        }","        // export local","        local.global.local = local;","    }());","","","","    // run shared js-env code - function","    (function () {","        return;","    }());","    switch (local.modeJs) {","","","","    // run browser js-env code - function","    case 'browser':","        break;","","","","    // run node js-env code - function","    case 'node':","        break;","    }","","","","    // run shared js-env code - init-after","    (function () {","        return;","    }());","    switch (local.modeJs) {","","","","    // run browser js-env code - init-after","    case 'browser':","        local.testCase_browser_nullCase = local.testCase_browser_nullCase || function (","            options,","            onError","        ) {","        /*","         * this function will test browsers's null-case handling-behavior-behavior","         */","            onError(null, options);","        };","","        // run tests","        local.nop(local.modeTest &&","            document.querySelector('#testRunButton1') &&","            document.querySelector('#testRunButton1').click());","        break;","","","","    // run node js-env code - init-after","    /* istanbul ignore next */","    case 'node':","        local.testCase_buildApidoc_default = local.testCase_buildApidoc_default || function (","            options,","            onError","        ) {","        /*","         * this function will test buildApidoc's default handling-behavior-behavior","         */","            options = { modulePathList: module.paths };","            local.buildApidoc(options, onError);","        };","","        local.testCase_buildApp_default = local.testCase_buildApp_default || function (","            options,","            onError","        ) {","        /*","         * this function will test buildApp's default handling-behavior-behavior","         */","            local.testCase_buildReadme_default(options, local.onErrorThrow);","            local.testCase_buildLib_default(options, local.onErrorThrow);","            local.testCase_buildTest_default(options, local.onErrorThrow);","            local.testCase_buildCustomOrg_default(options, local.onErrorThrow);","            options = [];","            local.buildApp(options, onError);","        };","","        local.testCase_buildCustomOrg_default = local.testCase_buildCustomOrg_default ||","            function (options, onError) {","            /*","             * this function will test buildCustomOrg's default handling-behavior","             */","                options = {};","                local.buildCustomOrg(options, onError);","            };","","        local.testCase_buildLib_default = local.testCase_buildLib_default || function (","            options,","            onError","        ) {","        /*","         * this function will test buildLib's default handling-behavior","         */","            options = {};","            local.buildLib(options, onError);","        };","","        local.testCase_buildReadme_default = local.testCase_buildReadme_default || function (","            options,","            onError","        ) {","        /*","         * this function will test buildReadme's default handling-behavior-behavior","         */","            options = {};","            local.buildReadme(options, onError);","        };","","        local.testCase_buildTest_default = local.testCase_buildTest_default || function (","            options,","            onError","        ) {","        /*","         * this function will test buildTest's default handling-behavior","         */","            options = {};","            local.buildTest(options, onError);","        };","","        local.testCase_webpage_default = local.testCase_webpage_default || function (","            options,","            onError","        ) {","        /*","         * this function will test webpage's default handling-behavior","         */","            options = { modeCoverageMerge: true, url: local.serverLocalHost + '?modeTest=1' };","            local.browserTest(options, onError);","        };","","        // run test-server","        local.testRunServer(local);","        break;","    }","}());",""],"l":{"12":2,"14":2,"19":2,"21":2,"23":2,"24":2,"25":2,"30":1,"37":2,"40":2,"43":1,"47":1,"50":1,"52":1,"55":2,"61":2,"62":2,"64":2,"70":1,"76":1,"82":2,"83":2,"85":2,"91":1,"98":1,"102":1,"105":1,"112":1,"119":1,"120":1,"123":1,"130":1,"131":1,"132":1,"133":1,"134":1,"135":1,"138":1,"143":2,"144":2,"147":1,"154":2,"155":2,"158":1,"165":2,"166":2,"169":1,"176":2,"177":2,"180":1,"187":1,"188":1,"192":1,"193":1}},"/home/travis/build/npmtest/node-npmtest-timeago.js/lib.npmtest_timeago.js.js":{"path":"/home/travis/build/npmtest/node-npmtest-timeago.js/lib.npmtest_timeago.js.js","s":{"1":2,"2":2,"3":2,"4":2,"5":2,"6":2,"7":2,"8":1,"9":2,"10":2,"11":2,"12":2,"13":1,"14":1,"15":1,"16":1},"b":{"1":[2,1,1,1],"2":[1,1,1,1],"3":[1,1],"4":[2,2],"5":[1,1]},"f":{"1":2,"2":2,"3":2},"fnMap":{"1":{"name":"(anonymous_1)","line":12,"loc":{"start":{"line":12,"column":1},"end":{"line":12,"column":13}}},"2":{"name":"(anonymous_2)","line":19,"loc":{"start":{"line":19,"column":5},"end":{"line":19,"column":17}}},"3":{"name":"(anonymous_3)","line":23,"loc":{"start":{"line":23,"column":24},"end":{"line":23,"column":36}}}},"statementMap":{"1":{"start":{"line":12,"column":0},"end":{"line":53,"column":5}},"2":{"start":{"line":14,"column":4},"end":{"line":14,"column":14}},"3":{"start":{"line":19,"column":4},"end":{"line":52,"column":9}},"4":{"start":{"line":21,"column":8},"end":{"line":21,"column":19}},"5":{"start":{"line":23,"column":8},"end":{"line":35,"column":13}},"6":{"start":{"line":24,"column":12},"end":{"line":34,"column":13}},"7":{"start":{"line":25,"column":16},"end":{"line":28,"column":30}},"8":{"start":{"line":30,"column":16},"end":{"line":33,"column":27}},"9":{"start":{"line":37,"column":8},"end":{"line":39,"column":21}},"10":{"start":{"line":41,"column":8},"end":{"line":41,"column":54}},"11":{"start":{"line":43,"column":8},"end":{"line":43,"column":55}},"12":{"start":{"line":45,"column":8},"end":{"line":51,"column":9}},"13":{"start":{"line":46,"column":12},"end":{"line":46,"column":61}},"14":{"start":{"line":48,"column":12},"end":{"line":48,"column":35}},"15":{"start":{"line":49,"column":12},"end":{"line":49,"column":49}},"16":{"start":{"line":50,"column":12},"end":{"line":50,"column":43}}},"branchMap":{"1":{"line":25,"type":"binary-expr","locations":[{"start":{"line":25,"column":23},"end":{"line":25,"column":62}},{"start":{"line":26,"column":20},"end":{"line":26,"column":70}},{"start":{"line":27,"column":20},"end":{"line":27,"column":71}},{"start":{"line":28,"column":20},"end":{"line":28,"column":29}}]},"2":{"line":30,"type":"binary-expr","locations":[{"start":{"line":30,"column":23},"end":{"line":30,"column":37}},{"start":{"line":31,"column":20},"end":{"line":31,"column":61}},{"start":{"line":32,"column":20},"end":{"line":32,"column":70}},{"start":{"line":33,"column":20},"end":{"line":33,"column":26}}]},"3":{"line":37,"type":"cond-expr","locations":[{"start":{"line":38,"column":14},"end":{"line":38,"column":20}},{"start":{"line":39,"column":14},"end":{"line":39,"column":20}}]},"4":{"line":41,"type":"binary-expr","locations":[{"start":{"line":41,"column":16},"end":{"line":41,"column":44}},{"start":{"line":41,"column":48},"end":{"line":41,"column":53}}]},"5":{"line":45,"type":"if","locations":[{"start":{"line":45,"column":8},"end":{"line":45,"column":8}},{"start":{"line":45,"column":8},"end":{"line":45,"column":8}}]}},"code":["/* istanbul instrument in package npmtest_timeago_js */","/*jslint","    bitwise: true,","    browser: true,","    maxerr: 8,","    maxlen: 96,","    node: true,","    nomen: true,","    regexp: true,","    stupid: true","*/","(function () {","    'use strict';","    var local;","","","","    // run shared js-env code - init-before","    (function () {","        // init local","        local = {};","        // init modeJs","        local.modeJs = (function () {","            try {","                return typeof navigator.userAgent === 'string' &&","                    typeof document.querySelector('body') === 'object' &&","                    typeof XMLHttpRequest.prototype.open === 'function' &&","                    'browser';","            } catch (errorCaughtBrowser) {","                return module.exports &&","                    typeof process.versions.node === 'string' &&","                    typeof require('http').createServer === 'function' &&","                    'node';","            }","        }());","        // init global","        local.global = local.modeJs === 'browser'","            ? window","            : global;","        // init utility2_rollup","        local = local.global.utility2_rollup || local;","        // init lib","        local.local = local.npmtest_timeago_js = local;","        // init exports","        if (local.modeJs === 'browser') {","            local.global.utility2_npmtest_timeago_js = local;","        } else {","            module.exports = local;","            module.exports.__dirname = __dirname;","            module.exports.module = module;","        }","    }());","}());",""],"l":{"12":2,"14":2,"19":2,"21":2,"23":2,"24":2,"25":2,"30":1,"37":2,"41":2,"43":2,"45":2,"46":1,"48":1,"49":1,"50":1}},"/home/travis/build/npmtest/node-npmtest-timeago.js/example.js":{"path":"/home/travis/build/npmtest/node-npmtest-timeago.js/example.js","s":{"1":2,"2":2,"3":2,"4":2,"5":2,"6":2,"7":2,"8":1,"9":2,"10":2,"11":2,"12":2,"13":1,"14":2,"15":2,"16":2,"17":2,"18":2,"19":0,"20":2,"21":1,"22":1,"23":1,"24":1,"25":1,"26":0,"27":0,"28":1,"29":1,"30":2,"31":0,"32":0,"33":0,"34":1,"35":2,"36":2,"37":3,"38":3,"39":3,"40":3,"41":0,"42":3,"43":3,"44":3,"45":1,"46":3,"47":1,"48":1,"49":1,"50":1,"51":1,"52":1,"53":1,"54":1,"55":1,"56":1,"57":0,"58":1,"59":6,"60":6,"61":1,"62":2,"63":0,"64":2,"65":1,"66":1,"67":0,"68":0,"69":0,"70":0,"71":0,"72":0,"73":0,"74":0,"75":0,"76":0,"77":0,"78":0,"79":0,"80":0,"81":0,"82":0,"83":0},"b":{"1":[2,1,1,1],"2":[1,1,1,1],"3":[1,1],"4":[2,2],"5":[1,1],"6":[1,1],"7":[2,0],"8":[2,1,1,1,1,1],"9":[0,2,0],"10":[1,1],"11":[2,1,1],"12":[1,0],"13":[0,2],"14":[2,0,0,0,0,0,0],"15":[0,3],"16":[3,0],"17":[1,1],"18":[0,1],"19":[1,2,0,2],"20":[1,0],"21":[1,1],"22":[0,0],"23":[0,0],"24":[0,0],"25":[0,0],"26":[0,0],"27":[0,0],"28":[0,0]},"f":{"1":2,"2":2,"3":2,"4":2,"5":2,"6":2,"7":3,"8":3,"9":3,"10":1,"11":6,"12":0},"fnMap":{"1":{"name":"(anonymous_1)","line":26,"loc":{"start":{"line":26,"column":1},"end":{"line":26,"column":13}}},"2":{"name":"(anonymous_2)","line":33,"loc":{"start":{"line":33,"column":5},"end":{"line":33,"column":17}}},"3":{"name":"(anonymous_3)","line":37,"loc":{"start":{"line":37,"column":24},"end":{"line":37,"column":36}}},"4":{"name":"(anonymous_4)","line":69,"loc":{"start":{"line":69,"column":31},"end":{"line":69,"column":48}},"skip":true},"5":{"name":"(anonymous_5)","line":78,"loc":{"start":{"line":78,"column":26},"end":{"line":78,"column":45}},"skip":true},"6":{"name":"(anonymous_6)","line":123,"loc":{"start":{"line":123,"column":33},"end":{"line":123,"column":48}},"skip":true},"7":{"name":"(anonymous_7)","line":125,"loc":{"start":{"line":125,"column":27},"end":{"line":125,"column":39}},"skip":true},"8":{"name":"(anonymous_8)","line":133,"loc":{"start":{"line":133,"column":59},"end":{"line":133,"column":74}},"skip":true},"9":{"name":"(anonymous_9)","line":143,"loc":{"start":{"line":143,"column":45},"end":{"line":143,"column":62}},"skip":true},"10":{"name":"(anonymous_10)","line":144,"loc":{"start":{"line":144,"column":73},"end":{"line":144,"column":92}},"skip":true},"11":{"name":"(anonymous_11)","line":272,"loc":{"start":{"line":272,"column":51},"end":{"line":272,"column":77}},"skip":true},"12":{"name":"(anonymous_12)","line":315,"loc":{"start":{"line":315,"column":32},"end":{"line":315,"column":61}},"skip":true}},"statementMap":{"1":{"start":{"line":26,"column":0},"end":{"line":326,"column":5}},"2":{"start":{"line":28,"column":4},"end":{"line":28,"column":14}},"3":{"start":{"line":33,"column":4},"end":{"line":60,"column":9}},"4":{"start":{"line":35,"column":8},"end":{"line":35,"column":19}},"5":{"start":{"line":37,"column":8},"end":{"line":49,"column":13}},"6":{"start":{"line":38,"column":12},"end":{"line":48,"column":13}},"7":{"start":{"line":39,"column":16},"end":{"line":42,"column":30}},"8":{"start":{"line":44,"column":16},"end":{"line":47,"column":27}},"9":{"start":{"line":51,"column":8},"end":{"line":53,"column":21}},"10":{"start":{"line":55,"column":8},"end":{"line":57,"column":45}},"11":{"start":{"line":59,"column":8},"end":{"line":59,"column":35}},"12":{"start":{"line":61,"column":4},"end":{"line":325,"column":5}},"13":{"start":{"line":69,"column":8},"end":{"line":121,"column":10},"skip":true},"14":{"start":{"line":70,"column":12},"end":{"line":88,"column":13},"skip":true},"15":{"start":{"line":76,"column":16},"end":{"line":87,"column":19},"skip":true},"16":{"start":{"line":79,"column":20},"end":{"line":86,"column":21},"skip":true},"17":{"start":{"line":82,"column":24},"end":{"line":82,"column":43},"skip":true},"18":{"start":{"line":83,"column":24},"end":{"line":83,"column":30},"skip":true},"19":{"start":{"line":85,"column":24},"end":{"line":85,"column":49},"skip":true},"20":{"start":{"line":89,"column":12},"end":{"line":107,"column":13},"skip":true},"21":{"start":{"line":92,"column":16},"end":{"line":102,"column":17},"skip":true},"22":{"start":{"line":93,"column":20},"end":{"line":93,"column":86},"skip":true},"23":{"start":{"line":94,"column":20},"end":{"line":95,"column":45},"skip":true},"24":{"start":{"line":96,"column":20},"end":{"line":96,"column":42},"skip":true},"25":{"start":{"line":97,"column":20},"end":{"line":97,"column":48},"skip":true},"26":{"start":{"line":100,"column":20},"end":{"line":100,"column":85},"skip":true},"27":{"start":{"line":101,"column":20},"end":{"line":101,"column":96},"skip":true},"28":{"start":{"line":103,"column":16},"end":{"line":103,"column":22},"skip":true},"29":{"start":{"line":106,"column":16},"end":{"line":106,"column":22},"skip":true},"30":{"start":{"line":108,"column":12},"end":{"line":120,"column":13},"skip":true},"31":{"start":{"line":114,"column":16},"end":{"line":119,"column":17},"skip":true},"32":{"start":{"line":116,"column":20},"end":{"line":116,"column":78},"skip":true},"33":{"start":{"line":118,"column":20},"end":{"line":118,"column":47},"skip":true},"34":{"start":{"line":123,"column":8},"end":{"line":141,"column":11},"skip":true},"35":{"start":{"line":124,"column":12},"end":{"line":124,"column":54},"skip":true},"36":{"start":{"line":125,"column":12},"end":{"line":140,"column":14},"skip":true},"37":{"start":{"line":126,"column":16},"end":{"line":126,"column":28},"skip":true},"38":{"start":{"line":127,"column":16},"end":{"line":127,"column":69},"skip":true},"39":{"start":{"line":128,"column":16},"end":{"line":128,"column":75},"skip":true},"40":{"start":{"line":129,"column":16},"end":{"line":131,"column":17},"skip":true},"41":{"start":{"line":130,"column":20},"end":{"line":130,"column":27},"skip":true},"42":{"start":{"line":133,"column":16},"end":{"line":137,"column":36},"skip":true},"43":{"start":{"line":134,"column":20},"end":{"line":136,"column":55},"skip":true},"44":{"start":{"line":139,"column":16},"end":{"line":139,"column":57},"skip":true},"45":{"start":{"line":143,"column":8},"end":{"line":147,"column":11},"skip":true},"46":{"start":{"line":144,"column":12},"end":{"line":146,"column":15},"skip":true},"47":{"start":{"line":145,"column":16},"end":{"line":145,"column":70},"skip":true},"48":{"start":{"line":149,"column":8},"end":{"line":149,"column":31},"skip":true},"49":{"start":{"line":150,"column":8},"end":{"line":150,"column":14},"skip":true},"50":{"start":{"line":158,"column":8},"end":{"line":158,"column":31},"skip":true},"51":{"start":{"line":160,"column":8},"end":{"line":160,"column":33},"skip":true},"52":{"start":{"line":161,"column":8},"end":{"line":161,"column":37},"skip":true},"53":{"start":{"line":162,"column":8},"end":{"line":162,"column":35},"skip":true},"54":{"start":{"line":164,"column":8},"end":{"line":164,"column":50},"skip":true},"55":{"start":{"line":166,"column":8},"end":{"line":256,"column":2},"skip":true},"56":{"start":{"line":258,"column":8},"end":{"line":286,"column":9},"skip":true},"57":{"start":{"line":259,"column":12},"end":{"line":269,"column":14},"skip":true},"58":{"start":{"line":271,"column":12},"end":{"line":285,"column":19},"skip":true},"59":{"start":{"line":274,"column":20},"end":{"line":274,"column":35},"skip":true},"60":{"start":{"line":275,"column":20},"end":{"line":284,"column":21},"skip":true},"61":{"start":{"line":277,"column":24},"end":{"line":277,"column":64},"skip":true},"62":{"start":{"line":279,"column":24},"end":{"line":279,"column":40},"skip":true},"63":{"start":{"line":281,"column":24},"end":{"line":281,"column":40},"skip":true},"64":{"start":{"line":283,"column":24},"end":{"line":283,"column":39},"skip":true},"65":{"start":{"line":288,"column":8},"end":{"line":290,"column":9},"skip":true},"66":{"start":{"line":289,"column":12},"end":{"line":289,"column":18},"skip":true},"67":{"start":{"line":291,"column":8},"end":{"line":293,"column":54},"skip":true},"68":{"start":{"line":296,"column":8},"end":{"line":301,"column":37},"skip":true},"69":{"start":{"line":303,"column":8},"end":{"line":303,"column":82},"skip":true},"70":{"start":{"line":306,"column":8},"end":{"line":308,"column":9},"skip":true},"71":{"start":{"line":307,"column":12},"end":{"line":307,"column":82},"skip":true},"72":{"start":{"line":310,"column":8},"end":{"line":312,"column":9},"skip":true},"73":{"start":{"line":311,"column":12},"end":{"line":311,"column":18},"skip":true},"74":{"start":{"line":313,"column":8},"end":{"line":313,"column":54},"skip":true},"75":{"start":{"line":314,"column":8},"end":{"line":314,"column":69},"skip":true},"76":{"start":{"line":315,"column":8},"end":{"line":323,"column":36},"skip":true},"77":{"start":{"line":316,"column":12},"end":{"line":316,"column":61},"skip":true},"78":{"start":{"line":317,"column":12},"end":{"line":320,"column":13},"skip":true},"79":{"start":{"line":318,"column":16},"end":{"line":318,"column":75},"skip":true},"80":{"start":{"line":319,"column":16},"end":{"line":319,"column":23},"skip":true},"81":{"start":{"line":321,"column":12},"end":{"line":321,"column":38},"skip":true},"82":{"start":{"line":322,"column":12},"end":{"line":322,"column":27},"skip":true},"83":{"start":{"line":324,"column":8},"end":{"line":324,"column":14},"skip":true}},"branchMap":{"1":{"line":39,"type":"binary-expr","locations":[{"start":{"line":39,"column":23},"end":{"line":39,"column":62}},{"start":{"line":40,"column":20},"end":{"line":40,"column":70}},{"start":{"line":41,"column":20},"end":{"line":41,"column":71}},{"start":{"line":42,"column":20},"end":{"line":42,"column":29}}]},"2":{"line":44,"type":"binary-expr","locations":[{"start":{"line":44,"column":23},"end":{"line":44,"column":37}},{"start":{"line":45,"column":20},"end":{"line":45,"column":61}},{"start":{"line":46,"column":20},"end":{"line":46,"column":70}},{"start":{"line":47,"column":20},"end":{"line":47,"column":26}}]},"3":{"line":51,"type":"cond-expr","locations":[{"start":{"line":52,"column":14},"end":{"line":52,"column":20}},{"start":{"line":53,"column":14},"end":{"line":53,"column":20}}]},"4":{"line":55,"type":"binary-expr","locations":[{"start":{"line":55,"column":16},"end":{"line":55,"column":44}},{"start":{"line":55,"column":49},"end":{"line":57,"column":43}}]},"5":{"line":55,"type":"cond-expr","locations":[{"start":{"line":56,"column":14},"end":{"line":56,"column":54}},{"start":{"line":57,"column":14},"end":{"line":57,"column":43}}]},"6":{"line":61,"type":"switch","locations":[{"start":{"line":68,"column":4},"end":{"line":150,"column":14},"skip":true},{"start":{"line":156,"column":4},"end":{"line":324,"column":14},"skip":true}]},"7":{"line":70,"type":"if","locations":[{"start":{"line":70,"column":12},"end":{"line":70,"column":12},"skip":true},{"start":{"line":70,"column":12},"end":{"line":70,"column":12},"skip":true}]},"8":{"line":70,"type":"binary-expr","locations":[{"start":{"line":70,"column":16},"end":{"line":70,"column":22},"skip":true},{"start":{"line":70,"column":27},"end":{"line":70,"column":32},"skip":true},{"start":{"line":71,"column":20},"end":{"line":71,"column":39},"skip":true},{"start":{"line":72,"column":20},"end":{"line":72,"column":49},"skip":true},{"start":{"line":73,"column":20},"end":{"line":73,"column":58},"skip":true},{"start":{"line":74,"column":20},"end":{"line":74,"column":69},"skip":true}]},"9":{"line":79,"type":"switch","locations":[{"start":{"line":80,"column":20},"end":{"line":80,"column":33},"skip":true},{"start":{"line":81,"column":20},"end":{"line":83,"column":30},"skip":true},{"start":{"line":84,"column":20},"end":{"line":85,"column":49},"skip":true}]},"10":{"line":89,"type":"switch","locations":[{"start":{"line":90,"column":12},"end":{"line":103,"column":22},"skip":true},{"start":{"line":105,"column":12},"end":{"line":106,"column":22},"skip":true}]},"11":{"line":89,"type":"binary-expr","locations":[{"start":{"line":89,"column":20},"end":{"line":89,"column":25},"skip":true},{"start":{"line":89,"column":29},"end":{"line":89,"column":48},"skip":true},{"start":{"line":89,"column":52},"end":{"line":89,"column":74},"skip":true}]},"12":{"line":92,"type":"if","locations":[{"start":{"line":92,"column":16},"end":{"line":92,"column":16},"skip":true},{"start":{"line":92,"column":16},"end":{"line":92,"column":16},"skip":true}]},"13":{"line":108,"type":"if","locations":[{"start":{"line":108,"column":12},"end":{"line":108,"column":12},"skip":true},{"start":{"line":108,"column":12},"end":{"line":108,"column":12},"skip":true}]},"14":{"line":108,"type":"binary-expr","locations":[{"start":{"line":108,"column":16},"end":{"line":108,"column":61},"skip":true},{"start":{"line":108,"column":66},"end":{"line":108,"column":72},"skip":true},{"start":{"line":108,"column":77},"end":{"line":108,"column":82},"skip":true},{"start":{"line":109,"column":20},"end":{"line":109,"column":39},"skip":true},{"start":{"line":110,"column":20},"end":{"line":110,"column":49},"skip":true},{"start":{"line":111,"column":20},"end":{"line":111,"column":58},"skip":true},{"start":{"line":112,"column":20},"end":{"line":112,"column":68},"skip":true}]},"15":{"line":129,"type":"if","locations":[{"start":{"line":129,"column":16},"end":{"line":129,"column":16},"skip":true},{"start":{"line":129,"column":16},"end":{"line":129,"column":16},"skip":true}]},"16":{"line":134,"type":"cond-expr","locations":[{"start":{"line":135,"column":26},"end":{"line":135,"column":29},"skip":true},{"start":{"line":136,"column":26},"end":{"line":136,"column":54},"skip":true}]},"17":{"line":164,"type":"binary-expr","locations":[{"start":{"line":164,"column":27},"end":{"line":164,"column":43},"skip":true},{"start":{"line":164,"column":47},"end":{"line":164,"column":49},"skip":true}]},"18":{"line":258,"type":"if","locations":[{"start":{"line":258,"column":8},"end":{"line":258,"column":8},"skip":true},{"start":{"line":258,"column":8},"end":{"line":258,"column":8},"skip":true}]},"19":{"line":275,"type":"switch","locations":[{"start":{"line":276,"column":20},"end":{"line":277,"column":64},"skip":true},{"start":{"line":278,"column":20},"end":{"line":279,"column":40},"skip":true},{"start":{"line":280,"column":20},"end":{"line":281,"column":40},"skip":true},{"start":{"line":282,"column":20},"end":{"line":283,"column":39},"skip":true}]},"20":{"line":288,"type":"if","locations":[{"start":{"line":288,"column":8},"end":{"line":288,"column":8},"skip":true},{"start":{"line":288,"column":8},"end":{"line":288,"column":8},"skip":true}]},"21":{"line":288,"type":"binary-expr","locations":[{"start":{"line":288,"column":12},"end":{"line":288,"column":40},"skip":true},{"start":{"line":288,"column":44},"end":{"line":288,"column":67},"skip":true}]},"22":{"line":292,"type":"binary-expr","locations":[{"start":{"line":292,"column":12},"end":{"line":292,"column":50},"skip":true},{"start":{"line":293,"column":12},"end":{"line":293,"column":53},"skip":true}]},"23":{"line":297,"type":"binary-expr","locations":[{"start":{"line":297,"column":12},"end":{"line":297,"column":68},"skip":true},{"start":{"line":298,"column":12},"end":{"line":301,"column":36},"skip":true}]},"24":{"line":303,"type":"binary-expr","locations":[{"start":{"line":303,"column":43},"end":{"line":303,"column":75},"skip":true},{"start":{"line":303,"column":79},"end":{"line":303,"column":81},"skip":true}]},"25":{"line":306,"type":"if","locations":[{"start":{"line":306,"column":8},"end":{"line":306,"column":8},"skip":true},{"start":{"line":306,"column":8},"end":{"line":306,"column":8},"skip":true}]},"26":{"line":310,"type":"if","locations":[{"start":{"line":310,"column":8},"end":{"line":310,"column":8},"skip":true},{"start":{"line":310,"column":8},"end":{"line":310,"column":8},"skip":true}]},"27":{"line":313,"type":"binary-expr","locations":[{"start":{"line":313,"column":27},"end":{"line":313,"column":43},"skip":true},{"start":{"line":313,"column":47},"end":{"line":313,"column":53},"skip":true}]},"28":{"line":317,"type":"if","locations":[{"start":{"line":317,"column":12},"end":{"line":317,"column":12},"skip":true},{"start":{"line":317,"column":12},"end":{"line":317,"column":12},"skip":true}]}},"code":["/*","example.js","","quickstart example","","instruction","    1. save this script as example.js","    2. run the shell command:","        $ npm install npmtest-timeago.js && PORT=8081 node example.js","    3. play with the browser-demo on http://127.0.0.1:8081","*/","","","","/* istanbul instrument in package npmtest_timeago_js */","/*jslint","    bitwise: true,","    browser: true,","    maxerr: 8,","    maxlen: 96,","    node: true,","    nomen: true,","    regexp: true,","    stupid: true","*/","(function () {","    'use strict';","    var local;","","","","    // run shared js-env code - init-before","    (function () {","        // init local","        local = {};","        // init modeJs","        local.modeJs = (function () {","            try {","                return typeof navigator.userAgent === 'string' &&","                    typeof document.querySelector('body') === 'object' &&","                    typeof XMLHttpRequest.prototype.open === 'function' &&","                    'browser';","            } catch (errorCaughtBrowser) {","                return module.exports &&","                    typeof process.versions.node === 'string' &&","                    typeof require('http').createServer === 'function' &&","                    'node';","            }","        }());","        // init global","        local.global = local.modeJs === 'browser'","            ? window","            : global;","        // init utility2_rollup","        local = local.global.utility2_rollup || (local.modeJs === 'browser'","            ? local.global.utility2_npmtest_timeago_js","            : global.utility2_moduleExports);","        // export local","        local.global.local = local;","    }());","    switch (local.modeJs) {","","","","    // init-after","    // run browser js-env code - init-after","    /* istanbul ignore next */","    case 'browser':","        local.testRunBrowser = function (event) {","            if (!event || (event &&","                    event.currentTarget &&","                    event.currentTarget.className &&","                    event.currentTarget.className.includes &&","                    event.currentTarget.className.includes('onreset'))) {","                // reset output","                Array.from(","                    document.querySelectorAll('body > .resettable')","                ).forEach(function (element) {","                    switch (element.tagName) {","                    case 'INPUT':","                    case 'TEXTAREA':","                        element.value = '';","                        break;","                    default:","                        element.textContent = '';","                    }","                });","            }","            switch (event && event.currentTarget && event.currentTarget.id) {","            case 'testRunButton1':","                // show tests","                if (document.querySelector('#testReportDiv1').style.display === 'none') {","                    document.querySelector('#testReportDiv1').style.display = 'block';","                    document.querySelector('#testRunButton1').textContent =","                        'hide internal test';","                    local.modeTest = true;","                    local.testRunDefault(local);","                // hide tests","                } else {","                    document.querySelector('#testReportDiv1').style.display = 'none';","                    document.querySelector('#testRunButton1').textContent = 'run internal test';","                }","                break;","            // custom-case","            default:","                break;","            }","            if (document.querySelector('#inputTextareaEval1') && (!event || (event &&","                    event.currentTarget &&","                    event.currentTarget.className &&","                    event.currentTarget.className.includes &&","                    event.currentTarget.className.includes('oneval')))) {","                // try to eval input-code","                try {","                    /*jslint evil: true*/","                    eval(document.querySelector('#inputTextareaEval1').value);","                } catch (errorCaught) {","                    console.error(errorCaught);","                }","            }","        };","        // log stderr and stdout to #outputTextareaStdout1","        ['error', 'log'].forEach(function (key) {","            console[key + '_original'] = console[key];","            console[key] = function () {","                var element;","                console[key + '_original'].apply(console, arguments);","                element = document.querySelector('#outputTextareaStdout1');","                if (!element) {","                    return;","                }","                // append text to #outputTextareaStdout1","                element.value += Array.from(arguments).map(function (arg) {","                    return typeof arg === 'string'","                        ? arg","                        : JSON.stringify(arg, null, 4);","                }).join(' ') + '\\n';","                // scroll textarea to bottom","                element.scrollTop = element.scrollHeight;","            };","        });","        // init event-handling","        ['change', 'click', 'keyup'].forEach(function (event) {","            Array.from(document.querySelectorAll('.on' + event)).forEach(function (element) {","                element.addEventListener(event, local.testRunBrowser);","            });","        });","        // run tests","        local.testRunBrowser();","        break;","","","","    // run node js-env code - init-after","    /* istanbul ignore next */","    case 'node':","        // export local","        module.exports = local;","        // require modules","        local.fs = require('fs');","        local.http = require('http');","        local.url = require('url');","        // init assets","        local.assetsDict = local.assetsDict || {};","        /* jslint-ignore-begin */","        local.assetsDict['/assets.index.template.html'] = '\\","<!doctype html>\\n\\","<html lang=\"en\">\\n\\","<head>\\n\\","<meta charset=\"UTF-8\">\\n\\","<meta name=\"viewport\" content=\"width=device-width, initial-scale=1\">\\n\\","<title>{{env.npm_package_name}} (v{{env.npm_package_version}})</title>\\n\\","<style>\\n\\","/*csslint\\n\\","    box-sizing: false,\\n\\","    universal-selector: false\\n\\","*/\\n\\","* {\\n\\","    box-sizing: border-box;\\n\\","}\\n\\","body {\\n\\","    background: #dde;\\n\\","    font-family: Arial, Helvetica, sans-serif;\\n\\","    margin: 2rem;\\n\\","}\\n\\","body > * {\\n\\","    margin-bottom: 1rem;\\n\\","}\\n\\",".utility2FooterDiv {\\n\\","    margin-top: 20px;\\n\\","    text-align: center;\\n\\","}\\n\\","</style>\\n\\","<style>\\n\\","/*csslint\\n\\","*/\\n\\","textarea {\\n\\","    font-family: monospace;\\n\\","    height: 10rem;\\n\\","    width: 100%;\\n\\","}\\n\\","textarea[readonly] {\\n\\","    background: #ddd;\\n\\","}\\n\\","</style>\\n\\","</head>\\n\\","<body>\\n\\","<!-- utility2-comment\\n\\","<div id=\"ajaxProgressDiv1\" style=\"background: #d00; height: 2px; left: 0; margin: 0; padding: 0; position: fixed; top: 0; transition: background 0.5s, width 1.5s; width: 25%;\"></div>\\n\\","utility2-comment -->\\n\\","<h1>\\n\\","<!-- utility2-comment\\n\\","    <a\\n\\","        {{#if env.npm_package_homepage}}\\n\\","        href=\"{{env.npm_package_homepage}}\"\\n\\","        {{/if env.npm_package_homepage}}\\n\\","        target=\"_blank\"\\n\\","    >\\n\\","utility2-comment -->\\n\\","        {{env.npm_package_name}} (v{{env.npm_package_version}})\\n\\","<!-- utility2-comment\\n\\","    </a>\\n\\","utility2-comment -->\\n\\","</h1>\\n\\","<h3>{{env.npm_package_description}}</h3>\\n\\","<!-- utility2-comment\\n\\","<h4><a download href=\"assets.app.js\">download standalone app</a></h4>\\n\\","<button class=\"onclick onreset\" id=\"testRunButton1\">run internal test</button><br>\\n\\","<div id=\"testReportDiv1\" style=\"display: none;\"></div>\\n\\","utility2-comment -->\\n\\","\\n\\","\\n\\","\\n\\","<label>stderr and stdout</label>\\n\\","<textarea class=\"resettable\" id=\"outputTextareaStdout1\" readonly></textarea>\\n\\","<!-- utility2-comment\\n\\","{{#if isRollup}}\\n\\","<script src=\"assets.app.js\"></script>\\n\\","{{#unless isRollup}}\\n\\","utility2-comment -->\\n\\","<script src=\"assets.utility2.rollup.js\"></script>\\n\\","<script src=\"jsonp.utility2._stateInit?callback=window.utility2._stateInit\"></script>\\n\\","<script src=\"assets.npmtest_timeago_js.rollup.js\"></script>\\n\\","<script src=\"assets.example.js\"></script>\\n\\","<script src=\"assets.test.js\"></script>\\n\\","<!-- utility2-comment\\n\\","{{/if isRollup}}\\n\\","utility2-comment -->\\n\\","<div class=\"utility2FooterDiv\">\\n\\","    [ this app was created with\\n\\","    <a href=\"https://github.com/kaizhu256/node-utility2\" target=\"_blank\">utility2</a>\\n\\","    ]\\n\\","</div>\\n\\","</body>\\n\\","</html>\\n\\","';","        /* jslint-ignore-end */","        if (local.templateRender) {","            local.assetsDict['/'] = local.templateRender(","                local.assetsDict['/assets.index.template.html'],","                {","                    env: local.objectSetDefault(local.env, {","                        npm_package_description: 'the greatest app in the world!',","                        npm_package_name: 'my-app',","                        npm_package_nameAlias: 'my_app',","                        npm_package_version: '0.0.1'","                    })","                }","            );","        } else {","            local.assetsDict['/'] = local.assetsDict['/assets.index.template.html']","                .replace((/\\{\\{env\\.(\\w+?)\\}\\}/g), function (match0, match1) {","                    // jslint-hack","                    String(match0);","                    switch (match1) {","                    case 'npm_package_description':","                        return 'the greatest app in the world!';","                    case 'npm_package_name':","                        return 'my-app';","                    case 'npm_package_nameAlias':","                        return 'my_app';","                    case 'npm_package_version':","                        return '0.0.1';","                    }","                });","        }","        // run the cli","        if (local.global.utility2_rollup || module !== require.main) {","            break;","        }","        local.assetsDict['/assets.example.js'] =","            local.assetsDict['/assets.example.js'] ||","            local.fs.readFileSync(__filename, 'utf8');","        // bug-workaround - long $npm_package_buildCustomOrg","        /* jslint-ignore-begin */","        local.assetsDict['/assets.npmtest_timeago_js.rollup.js'] =","            local.assetsDict['/assets.npmtest_timeago_js.rollup.js'] ||","            local.fs.readFileSync(","                local.npmtest_timeago_js.__dirname + '/lib.npmtest_timeago_js.js',","                'utf8'","            ).replace((/^#!/), '//');","        /* jslint-ignore-end */","        local.assetsDict['/favicon.ico'] = local.assetsDict['/favicon.ico'] || '';","        // if $npm_config_timeout_exit exists,","        // then exit this process after $npm_config_timeout_exit ms","        if (Number(process.env.npm_config_timeout_exit)) {","            setTimeout(process.exit, Number(process.env.npm_config_timeout_exit));","        }","        // start server","        if (local.global.utility2_serverHttp1) {","            break;","        }","        process.env.PORT = process.env.PORT || '8081';","        console.error('server starting on port ' + process.env.PORT);","        local.http.createServer(function (request, response) {","            request.urlParsed = local.url.parse(request.url);","            if (local.assetsDict[request.urlParsed.pathname] !== undefined) {","                response.end(local.assetsDict[request.urlParsed.pathname]);","                return;","            }","            response.statusCode = 404;","            response.end();","        }).listen(process.env.PORT);","        break;","    }","}());",""],"l":{"26":2,"28":2,"33":2,"35":2,"37":2,"38":2,"39":2,"44":1,"51":2,"55":2,"59":2,"61":2,"69":1,"70":2,"76":2,"79":2,"82":2,"83":2,"85":1,"89":2,"92":1,"93":1,"94":1,"96":1,"97":1,"100":1,"101":1,"103":1,"106":1,"108":2,"114":1,"116":1,"118":1,"123":1,"124":2,"125":2,"126":3,"127":3,"128":3,"129":3,"130":1,"133":3,"134":3,"139":3,"143":1,"144":3,"145":1,"149":1,"150":1,"158":1,"160":1,"161":1,"162":1,"164":1,"166":1,"258":1,"259":1,"271":1,"274":6,"275":6,"277":1,"279":2,"281":1,"283":2,"288":1,"289":1,"291":1,"296":1,"303":1,"306":1,"307":1,"310":1,"311":1,"313":1,"314":1,"315":1,"316":1,"317":1,"318":1,"319":1,"321":1,"322":1,"324":1}},"/home/travis/build/npmtest/node-npmtest-timeago.js/node_modules/timeago.js/dist/timeago.min.js":{"path":"/home/travis/build/npmtest/node-npmtest-timeago.js/node_modules/timeago.js/dist/timeago.min.js","s":{"1":1,"2":1,"3":1,"4":0,"5":1,"6":0,"7":1,"8":0,"9":0,"10":0,"11":0,"12":1,"13":0,"14":1,"15":0,"16":0,"17":0,"18":1,"19":0,"20":1,"21":0,"22":1,"23":0,"24":1,"25":0,"26":1,"27":0,"28":1,"29":0,"30":1,"31":0,"32":0,"33":0,"34":0,"35":0,"36":0,"37":0,"38":0,"39":1,"40":0,"41":0,"42":0,"43":0,"44":0,"45":0,"46":0,"47":0,"48":0,"49":0,"50":0,"51":0,"52":0,"53":0,"54":0},"b":{"1":[1,0],"2":[1,1],"3":[0,1],"4":[0,0],"5":[0,0],"6":[0,0],"7":[0,0],"8":[0,0],"9":[0,0],"10":[0,0],"11":[0,0],"12":[0,0],"13":[0,0],"14":[0,0],"15":[0,0],"16":[0,0],"17":[0,0],"18":[0,0],"19":[0,0],"20":[0,0],"21":[0,0],"22":[0,0],"23":[0,0],"24":[0,0],"25":[0,0],"26":[0,0],"27":[0,0]},"f":{"1":1,"2":1,"3":0,"4":0,"5":0,"6":0,"7":0,"8":0,"9":0,"10":0,"11":0,"12":0,"13":0,"14":0,"15":0,"16":0,"17":0,"18":0,"19":0,"20":0,"21":0,"22":0},"fnMap":{"1":{"name":"(anonymous_1)","line":1,"loc":{"start":{"line":1,"column":1},"end":{"line":1,"column":14}}},"2":{"name":"(anonymous_2)","line":1,"loc":{"start":{"line":1,"column":168},"end":{"line":1,"column":178}}},"3":{"name":"t","line":1,"loc":{"start":{"line":1,"column":179},"end":{"line":1,"column":192}}},"4":{"name":"e","line":1,"loc":{"start":{"line":1,"column":450},"end":{"line":1,"column":463}}},"5":{"name":"n","line":1,"loc":{"start":{"line":1,"column":483},"end":{"line":1,"column":500}}},"6":{"name":"r","line":1,"loc":{"start":{"line":1,"column":657},"end":{"line":1,"column":672}}},"7":{"name":"o","line":1,"loc":{"start":{"line":1,"column":710},"end":{"line":1,"column":723}}},"8":{"name":"i","line":1,"loc":{"start":{"line":1,"column":822},"end":{"line":1,"column":835}}},"9":{"name":"a","line":1,"loc":{"start":{"line":1,"column":886},"end":{"line":1,"column":901}}},"10":{"name":"u","line":1,"loc":{"start":{"line":1,"column":966},"end":{"line":1,"column":981}}},"11":{"name":"c","line":1,"loc":{"start":{"line":1,"column":1050},"end":{"line":1,"column":1063}}},"12":{"name":"d","line":1,"loc":{"start":{"line":1,"column":1078},"end":{"line":1,"column":1093}}},"13":{"name":"f","line":1,"loc":{"start":{"line":1,"column":1136},"end":{"line":1,"column":1151}}},"14":{"name":"(anonymous_14)","line":1,"loc":{"start":{"line":1,"column":1265},"end":{"line":1,"column":1278}}},"15":{"name":"(anonymous_15)","line":1,"loc":{"start":{"line":1,"column":1401},"end":{"line":1,"column":1414}}},"16":{"name":"(anonymous_16)","line":1,"loc":{"start":{"line":1,"column":1582},"end":{"line":1,"column":1597}}},"17":{"name":"(anonymous_17)","line":1,"loc":{"start":{"line":1,"column":1684},"end":{"line":1,"column":1694}}},"18":{"name":"(anonymous_18)","line":1,"loc":{"start":{"line":1,"column":1787},"end":{"line":1,"column":1800}}},"19":{"name":"(anonymous_19)","line":1,"loc":{"start":{"line":1,"column":1870},"end":{"line":1,"column":1883}}},"20":{"name":"(anonymous_20)","line":1,"loc":{"start":{"line":1,"column":1995},"end":{"line":1,"column":2006}}},"21":{"name":"(anonymous_21)","line":1,"loc":{"start":{"line":1,"column":2040},"end":{"line":1,"column":2053}}},"22":{"name":"(anonymous_22)","line":1,"loc":{"start":{"line":1,"column":2071},"end":{"line":1,"column":2082}}}},"statementMap":{"1":{"start":{"line":1,"column":0},"end":{"line":1,"column":2177}},"2":{"start":{"line":1,"column":15},"end":{"line":1,"column":127}},"3":{"start":{"line":1,"column":179},"end":{"line":1,"column":450}},"4":{"start":{"line":1,"column":193},"end":{"line":1,"column":449}},"5":{"start":{"line":1,"column":450},"end":{"line":1,"column":483}},"6":{"start":{"line":1,"column":464},"end":{"line":1,"column":482}},"7":{"start":{"line":1,"column":483},"end":{"line":1,"column":657}},"8":{"start":{"line":1,"column":501},"end":{"line":1,"column":522}},"9":{"start":{"line":1,"column":522},"end":{"line":1,"column":585}},"10":{"start":{"line":1,"column":577},"end":{"line":1,"column":585}},"11":{"start":{"line":1,"column":585},"end":{"line":1,"column":656}},"12":{"start":{"line":1,"column":657},"end":{"line":1,"column":710}},"13":{"start":{"line":1,"column":673},"end":{"line":1,"column":709}},"14":{"start":{"line":1,"column":710},"end":{"line":1,"column":822}},"15":{"start":{"line":1,"column":724},"end":{"line":1,"column":787}},"16":{"start":{"line":1,"column":771},"end":{"line":1,"column":787}},"17":{"start":{"line":1,"column":787},"end":{"line":1,"column":821}},"18":{"start":{"line":1,"column":822},"end":{"line":1,"column":886}},"19":{"start":{"line":1,"column":836},"end":{"line":1,"column":885}},"20":{"start":{"line":1,"column":886},"end":{"line":1,"column":966}},"21":{"start":{"line":1,"column":902},"end":{"line":1,"column":965}},"22":{"start":{"line":1,"column":966},"end":{"line":1,"column":1050}},"23":{"start":{"line":1,"column":982},"end":{"line":1,"column":1049}},"24":{"start":{"line":1,"column":1050},"end":{"line":1,"column":1078}},"25":{"start":{"line":1,"column":1064},"end":{"line":1,"column":1077}},"26":{"start":{"line":1,"column":1078},"end":{"line":1,"column":1136}},"27":{"start":{"line":1,"column":1094},"end":{"line":1,"column":1135}},"28":{"start":{"line":1,"column":1136},"end":{"line":1,"column":1170}},"29":{"start":{"line":1,"column":1152},"end":{"line":1,"column":1169}},"30":{"start":{"line":1,"column":1170},"end":{"line":1,"column":1554}},"31":{"start":{"line":1,"column":1279},"end":{"line":1,"column":1319}},"32":{"start":{"line":1,"column":1288},"end":{"line":1,"column":1319}},"33":{"start":{"line":1,"column":1319},"end":{"line":1,"column":1342}},"34":{"start":{"line":1,"column":1342},"end":{"line":1,"column":1393}},"35":{"start":{"line":1,"column":1415},"end":{"line":1,"column":1443}},"36":{"start":{"line":1,"column":1424},"end":{"line":1,"column":1443}},"37":{"start":{"line":1,"column":1443},"end":{"line":1,"column":1466}},"38":{"start":{"line":1,"column":1466},"end":{"line":1,"column":1489}},"39":{"start":{"line":1,"column":1554},"end":{"line":1,"column":2174}},"40":{"start":{"line":1,"column":1598},"end":{"line":1,"column":1631}},"41":{"start":{"line":1,"column":1631},"end":{"line":1,"column":1766}},"42":{"start":{"line":1,"column":1695},"end":{"line":1,"column":1724}},"43":{"start":{"line":1,"column":1801},"end":{"line":1,"column":1849}},"44":{"start":{"line":1,"column":1884},"end":{"line":1,"column":1911}},"45":{"start":{"line":1,"column":1911},"end":{"line":1,"column":1971}},"46":{"start":{"line":1,"column":1942},"end":{"line":1,"column":1971}},"47":{"start":{"line":1,"column":2007},"end":{"line":1,"column":2027}},"48":{"start":{"line":1,"column":2054},"end":{"line":1,"column":2060}},"49":{"start":{"line":1,"column":2083},"end":{"line":1,"column":2089}},"50":{"start":{"line":1,"column":2089},"end":{"line":1,"column":2171}},"51":{"start":{"line":1,"column":2094},"end":{"line":1,"column":2134}},"52":{"start":{"line":1,"column":2139},"end":{"line":1,"column":2166}},"53":{"start":{"line":1,"column":2150},"end":{"line":1,"column":2166}},"54":{"start":{"line":1,"column":2166},"end":{"line":1,"column":2170}}},"branchMap":{"1":{"line":1,"type":"cond-expr","locations":[{"start":{"line":1,"column":56},"end":{"line":1,"column":112}},{"start":{"line":1,"column":114},"end":{"line":1,"column":127}}]},"2":{"line":1,"type":"binary-expr","locations":[{"start":{"line":1,"column":15},"end":{"line":1,"column":38}},{"start":{"line":1,"column":40},"end":{"line":1,"column":54}}]},"3":{"line":1,"type":"cond-expr","locations":[{"start":{"line":1,"column":156},"end":{"line":1,"column":162}},{"start":{"line":1,"column":163},"end":{"line":1,"column":167}}]},"4":{"line":1,"type":"cond-expr","locations":[{"start":{"line":1,"column":218},"end":{"line":1,"column":219}},{"start":{"line":1,"column":220},"end":{"line":1,"column":449}}]},"5":{"line":1,"type":"cond-expr","locations":[{"start":{"line":1,"column":229},"end":{"line":1,"column":434}},{"start":{"line":1,"column":435},"end":{"line":1,"column":449}}]},"6":{"line":1,"type":"cond-expr","locations":[{"start":{"line":1,"column":245},"end":{"line":1,"column":259}},{"start":{"line":1,"column":261},"end":{"line":1,"column":433}}]},"7":{"line":1,"type":"binary-expr","locations":[{"start":{"line":1,"column":264},"end":{"line":1,"column":265}},{"start":{"line":1,"column":267},"end":{"line":1,"column":269}}]},"8":{"line":1,"type":"cond-expr","locations":[{"start":{"line":1,"column":508},"end":{"line":1,"column":509}},{"start":{"line":1,"column":510},"end":{"line":1,"column":521}}]},"9":{"line":1,"type":"cond-expr","locations":[{"start":{"line":1,"column":515},"end":{"line":1,"column":516}},{"start":{"line":1,"column":517},"end":{"line":1,"column":521}}]},"10":{"line":1,"type":"binary-expr","locations":[{"start":{"line":1,"column":560},"end":{"line":1,"column":567}},{"start":{"line":1,"column":569},"end":{"line":1,"column":572}}]},"11":{"line":1,"type":"binary-expr","locations":[{"start":{"line":1,"column":604},"end":{"line":1,"column":617}},{"start":{"line":1,"column":620},"end":{"line":1,"column":624}}]},"12":{"line":1,"type":"cond-expr","locations":[{"start":{"line":1,"column":613},"end":{"line":1,"column":614}},{"start":{"line":1,"column":615},"end":{"line":1,"column":616}}]},"13":{"line":1,"type":"cond-expr","locations":[{"start":{"line":1,"column":685},"end":{"line":1,"column":689}},{"start":{"line":1,"column":690},"end":{"line":1,"column":698}}]},"14":{"line":1,"type":"binary-expr","locations":[{"start":{"line":1,"column":754},"end":{"line":1,"column":761}},{"start":{"line":1,"column":763},"end":{"line":1,"column":766}}]},"15":{"line":1,"type":"cond-expr","locations":[{"start":{"line":1,"column":803},"end":{"line":1,"column":806}},{"start":{"line":1,"column":807},"end":{"line":1,"column":808}}]},"16":{"line":1,"type":"cond-expr","locations":[{"start":{"line":1,"column":861},"end":{"line":1,"column":878}},{"start":{"line":1,"column":879},"end":{"line":1,"column":885}}]},"17":{"line":1,"type":"cond-expr","locations":[{"start":{"line":1,"column":924},"end":{"line":1,"column":941}},{"start":{"line":1,"column":942},"end":{"line":1,"column":965}}]},"18":{"line":1,"type":"cond-expr","locations":[{"start":{"line":1,"column":949},"end":{"line":1,"column":958}},{"start":{"line":1,"column":959},"end":{"line":1,"column":965}}]},"19":{"line":1,"type":"cond-expr","locations":[{"start":{"line":1,"column":1004},"end":{"line":1,"column":1023}},{"start":{"line":1,"column":1024},"end":{"line":1,"column":1049}}]},"20":{"line":1,"type":"cond-expr","locations":[{"start":{"line":1,"column":1031},"end":{"line":1,"column":1042}},{"start":{"line":1,"column":1043},"end":{"line":1,"column":1049}}]},"21":{"line":1,"type":"binary-expr","locations":[{"start":{"line":1,"column":1128},"end":{"line":1,"column":1129}},{"start":{"line":1,"column":1131},"end":{"line":1,"column":1135}}]},"22":{"line":1,"type":"if","locations":[{"start":{"line":1,"column":1279},"end":{"line":1,"column":1279}},{"start":{"line":1,"column":1279},"end":{"line":1,"column":1279}}]},"23":{"line":1,"type":"binary-expr","locations":[{"start":{"line":1,"column":1349},"end":{"line":1,"column":1352}},{"start":{"line":1,"column":1355},"end":{"line":1,"column":1361}}]},"24":{"line":1,"type":"if","locations":[{"start":{"line":1,"column":1415},"end":{"line":1,"column":1415}},{"start":{"line":1,"column":1415},"end":{"line":1,"column":1415}}]},"25":{"line":1,"type":"binary-expr","locations":[{"start":{"line":1,"column":1884},"end":{"line":1,"column":1901}},{"start":{"line":1,"column":1904},"end":{"line":1,"column":1909}}]},"26":{"line":1,"type":"if","locations":[{"start":{"line":1,"column":2089},"end":{"line":1,"column":2089}},{"start":{"line":1,"column":2089},"end":{"line":1,"column":2089}}]},"27":{"line":1,"type":"binary-expr","locations":[{"start":{"line":1,"column":2095},"end":{"line":1,"column":2101}},{"start":{"line":1,"column":2105},"end":{"line":1,"column":2132}}]}},"code":["!function(t,e){\"object\"==typeof module&&module.exports?(module.exports=e(),module.exports.default=module.exports):t.timeago=e()}(\"undefined\"!=typeof window?window:this,function(){function t(t){return t instanceof Date?t:isNaN(t)?/^\\d+$/.test(t)?new Date(e(t)):(t=(t||\"\").trim().replace(/\\.\\d+/,\"\").replace(/-/,\"/\").replace(/-/,\"/\").replace(/(\\d)T(\\d)/,\"$1 $2\").replace(/Z/,\" UTC\").replace(/([\\+\\-]\\d\\d)\\:?(\\d\\d)/,\" $1$2\"),new Date(t)):new Date(e(t))}function e(t){return parseInt(t)}function n(t,n,r){n=p[n]?n:p[r]?r:\"en\";for(var o=0,i=t<0?1:0,a=t=Math.abs(t);t>=h[o]&&o<m;o++)t/=h[o];return t=e(t),o*=2,t>(0===o?9:1)&&(o+=1),p[n](t,o,a)[i].replace(\"%s\",t)}function r(e,n){return((n=n?t(n):new Date)-t(e))/1e3}function o(t){for(var e=1,n=0,r=Math.abs(t);t>=h[n]&&n<m;n++)t/=h[n],e*=h[n];return r%=e,r=r?e-r:e,Math.ceil(r)}function i(t){return t.dataset.timeago?t.dataset.timeago:a(t,w)}function a(t,e){return t.getAttribute?t.getAttribute(e):t.attr?t.attr(e):void 0}function u(t,e){return t.setAttribute?t.setAttribute(_,e):t.attr?t.attr(_,e):void 0}function c(t){return a(t,_)}function d(t,e){this.nowDate=t,this.defaultLocale=e||\"en\"}function f(t,e){return new d(t,e)}var s=\"second_minute_hour_day_week_month_year\".split(\"_\"),l=\"秒_分钟_小时_天_周_月_年\".split(\"_\"),p={en:function(t,e){if(0===e)return[\"just now\",\"right now\"];var n=s[parseInt(e/2)];return t>1&&(n+=\"s\"),[t+\" \"+n+\" ago\",\"in \"+t+\" \"+n]},zh_CN:function(t,e){if(0===e)return[\"刚刚\",\"片刻后\"];var n=l[parseInt(e/2)];return[t+n+\"前\",t+n+\"后\"]}},h=[60,60,24,7,365/7/12,12],m=6,w=\"datetime\",_=\"data-tid\",v={};return d.prototype.doRender=function(t,e,i){var a,c=r(e,this.nowDate),d=this;t.innerHTML=n(c,i,this.defaultLocale),v[a=setTimeout(function(){d.doRender(t,e,i),delete v[a]},Math.min(1e3*o(c),2147483647))]=0,u(t,a)},d.prototype.format=function(t,e){return n(r(t,this.nowDate),e,this.defaultLocale)},d.prototype.render=function(t,e){void 0===t.length&&(t=[t]);for(var n=0,r=t.length;n<r;n++)this.doRender(t[n],i(t[n]),e)},d.prototype.setLocale=function(t){this.defaultLocale=t},f.register=function(t,e){p[t]=e},f.cancel=function(t){var e;if(t)(e=c(t))&&(clearTimeout(e),delete v[e]);else{for(e in v)clearTimeout(e);v={}}},f});"],"l":{"1":1}},"/home/travis/build/npmtest/node-npmtest-timeago.js/node_modules/timeago.js/gulpfile.js":{"path":"/home/travis/build/npmtest/node-npmtest-timeago.js/node_modules/timeago.js/gulpfile.js","s":{"1":2,"2":0,"3":0,"4":0,"5":0,"6":0},"b":{},"f":{},"fnMap":{},"statementMap":{"1":{"start":{"line":1,"column":0},"end":{"line":1,"column":29}},"2":{"start":{"line":2,"column":0},"end":{"line":2,"column":38}},"3":{"start":{"line":3,"column":0},"end":{"line":3,"column":38}},"4":{"start":{"line":4,"column":0},"end":{"line":4,"column":53}},"5":{"start":{"line":6,"column":0},"end":{"line":13,"column":3}},"6":{"start":{"line":7,"column":2},"end":{"line":12,"column":27}}},"branchMap":{},"code":["const gulp = require('gulp');","const uglify = require('gulp-uglify');","const rename = require('gulp-rename');","const injectVersion = require('gulp-inject-version');","","gulp.task('mini', () => (","  gulp.src('src/timeago.js')","  .pipe(injectVersion())","  .pipe(gulp.dest('dist/'))","  .pipe(uglify())    //uglify","  .pipe(rename('timeago.min.js'))","  .pipe(gulp.dest('dist/'))","));",""],"l":{"1":2,"2":0,"3":0,"4":0,"6":0,"7":0}},"/home/travis/build/npmtest/node-npmtest-timeago.js/node_modules/timeago.js/webpack.config.js":{"path":"/home/travis/build/npmtest/node-npmtest-timeago.js/node_modules/timeago.js/webpack.config.js","s":{"1":2,"2":0,"3":0},"b":{},"f":{},"fnMap":{},"statementMap":{"1":{"start":{"line":1,"column":0},"end":{"line":1,"column":33}},"2":{"start":{"line":2,"column":0},"end":{"line":5,"column":3}},"3":{"start":{"line":7,"column":0},"end":{"line":11,"column":2}}},"branchMap":{},"code":["var webpack = require('webpack');","var uglifyJsPlugin = new webpack.optimize.UglifyJsPlugin({","  output: {comments: false},","  compress: {warnings: false}","});","","module.exports = {","  entry: './src/timeago.locales.js',","  output: {filename: './dist/timeago.locales.min.js'},","  plugins: [uglifyJsPlugin]","};"],"l":{"1":2,"2":0,"7":0}},"/home/travis/build/npmtest/node-npmtest-timeago.js/node_modules/timeago.js/demo/index.js":{"path":"/home/travis/build/npmtest/node-npmtest-timeago.js/node_modules/timeago.js/demo/index.js","s":{"1":1,"2":0,"3":2,"4":0,"5":0,"6":0,"7":0,"8":0},"b":{},"f":{"1":0},"fnMap":{"1":{"name":"iso8601","line":1,"loc":{"start":{"line":1,"column":0},"end":{"line":1,"column":23}}}},"statementMap":{"1":{"start":{"line":1,"column":0},"end":{"line":8,"column":1}},"2":{"start":{"line":2,"column":2},"end":{"line":7,"column":39}},"3":{"start":{"line":10,"column":0},"end":{"line":10,"column":83}},"4":{"start":{"line":11,"column":0},"end":{"line":11,"column":78}},"5":{"start":{"line":12,"column":0},"end":{"line":12,"column":74}},"6":{"start":{"line":15,"column":0},"end":{"line":15,"column":81}},"7":{"start":{"line":16,"column":0},"end":{"line":16,"column":101}},"8":{"start":{"line":17,"column":0},"end":{"line":17,"column":90}}},"branchMap":{},"code":["function iso8601(date) {","  return date.getUTCFullYear()","    + \"-\" + (date.getUTCMonth()+1)","    + \"-\" + date.getUTCDate()","    + \"T\" + date.getUTCHours()","    + \":\" + date.getUTCMinutes()","    + \":\" + date.getUTCSeconds() + \"Z\";","}","","document.querySelector('.load_time').setAttribute('datetime', iso8601(new Date()));","var timeagoInstance = new timeago(null, navigator.language.replace('-', '_'));","timeagoInstance.render(document.querySelectorAll('.need_to_be_rendered'));","","// 2. demo","document.getElementById('demo_now').innerHTML = new timeago().format(new Date());","document.getElementById('demo_20160907').innerHTML = new timeago(null, 'zh_CN').format('2016-09-07');","document.getElementById('demo_timestamp').innerHTML = new timeago().format(1473245023718); "],"l":{"1":1,"2":0,"10":2,"11":0,"12":0,"15":0,"16":0,"17":0}},"/home/travis/build/npmtest/node-npmtest-timeago.js/node_modules/timeago.js/locales/ar.js":{"path":"/home/travis/build/npmtest/node-npmtest-timeago.js/node_modules/timeago.js/locales/ar.js","s":{"1":1,"2":0,"3":0,"4":0,"5":0,"6":1,"7":1,"8":0,"9":0,"10":0,"11":0,"12":0},"b":{"1":[0,0],"2":[0,0],"3":[0,0],"4":[0,0]},"f":{"1":0,"2":0},"fnMap":{"1":{"name":"(anonymous_1)","line":1,"loc":{"start":{"line":1,"column":17},"end":{"line":1,"column":41}}},"2":{"name":"formatTime","line":20,"loc":{"start":{"line":20,"column":0},"end":{"line":20,"column":29}}}},"statementMap":{"1":{"start":{"line":1,"column":0},"end":{"line":8,"column":1}},"2":{"start":{"line":2,"column":4},"end":{"line":4,"column":5}},"3":{"start":{"line":3,"column":8},"end":{"line":3,"column":44}},"4":{"start":{"line":6,"column":4},"end":{"line":6,"column":58}},"5":{"start":{"line":7,"column":4},"end":{"line":7,"column":58}},"6":{"start":{"line":10,"column":0},"end":{"line":18,"column":2}},"7":{"start":{"line":20,"column":0},"end":{"line":27,"column":1}},"8":{"start":{"line":21,"column":4},"end":{"line":26,"column":34}},"9":{"start":{"line":22,"column":8},"end":{"line":22,"column":36}},"10":{"start":{"line":23,"column":9},"end":{"line":26,"column":34}},"11":{"start":{"line":24,"column":8},"end":{"line":24,"column":34}},"12":{"start":{"line":26,"column":8},"end":{"line":26,"column":34}}},"branchMap":{"1":{"line":2,"type":"if","locations":[{"start":{"line":2,"column":4},"end":{"line":2,"column":4}},{"start":{"line":2,"column":4},"end":{"line":2,"column":4}}]},"2":{"line":21,"type":"if","locations":[{"start":{"line":21,"column":4},"end":{"line":21,"column":4}},{"start":{"line":21,"column":4},"end":{"line":21,"column":4}}]},"3":{"line":23,"type":"if","locations":[{"start":{"line":23,"column":9},"end":{"line":23,"column":9}},{"start":{"line":23,"column":9},"end":{"line":23,"column":9}}]},"4":{"line":23,"type":"binary-expr","locations":[{"start":{"line":23,"column":13},"end":{"line":23,"column":19}},{"start":{"line":23,"column":23},"end":{"line":23,"column":30}}]}},"code":["module.exports = function(number, index) {","    if (index === 0) {","        return [ 'منذ لحظات', 'بعد لحظات' ];","    }","","    var timeStr = formatTime(Math.floor(index/2), number);","    return ['منذ' + ' ' + timeStr, 'بعد' + ' ' + timeStr];","}","","var timeTypes = [","    [ 'ثانية', 'ثانيتين', '%s ثوان', '%s ثانية' ],    // Seconds","    [ 'دقيقة', 'دقيقتين', '%s دقائق', '%s دقيقة' ],   // Minutes","    [ 'ساعة', 'ساعتين', '%s ساعات', '%s ساعة' ],      // Hours","    [ 'يوم', 'يومين', '%s أيام', '%s يوماً' ],         // Days","    [ 'أسبوع', 'أسبوعين', '%s أسابيع', '%s أسبوعاً' ], // Weeks","    [ 'شهر', 'شهرين', '%s أشهر', '%s شهراً' ],         // Months","    [ 'عام', 'عامين', '%s أعوام', '%s عاماً' ]         // Years","];","","function formatTime(type, n) {","    if (n < 3)","        return timeTypes[type][n-1];","    else if (n >= 3 && n <= 10)","        return timeTypes[type][2];","    else","        return timeTypes[type][3];","}"],"l":{"1":1,"2":0,"3":0,"6":0,"7":0,"10":1,"20":1,"21":0,"22":0,"23":0,"24":0,"26":0}},"/home/travis/build/npmtest/node-npmtest-timeago.js/node_modules/timeago.js/locales/be.js":{"path":"/home/travis/build/npmtest/node-npmtest-timeago.js/node_modules/timeago.js/locales/be.js","s":{"1":1,"2":1,"3":0,"4":0,"5":0,"6":0,"7":0,"8":0,"9":0,"10":0,"11":0,"12":0,"13":1,"14":0,"15":0,"16":0,"17":0,"18":0,"19":0,"20":0,"21":0},"b":{"1":[0,0,0,0,0,0,0,0,0,0,0,0,0,0,0],"2":[0,0],"3":[0,0],"4":[0,0],"5":[0,0],"6":[0,0,0,0]},"f":{"1":0,"2":0},"fnMap":{"1":{"name":"(anonymous_1)","line":9,"loc":{"start":{"line":9,"column":17},"end":{"line":9,"column":41}}},"2":{"name":"formatNum","line":38,"loc":{"start":{"line":38,"column":0},"end":{"line":38,"column":35}}}},"statementMap":{"1":{"start":{"line":1,"column":0},"end":{"line":7,"column":71}},"2":{"start":{"line":9,"column":0},"end":{"line":27,"column":2}},"3":{"start":{"line":10,"column":2},"end":{"line":26,"column":3}},"4":{"start":{"line":11,"column":12},"end":{"line":11,"column":58}},"5":{"start":{"line":12,"column":12},"end":{"line":12,"column":74}},"6":{"start":{"line":14,"column":12},"end":{"line":14,"column":74}},"7":{"start":{"line":16,"column":12},"end":{"line":16,"column":70}},"8":{"start":{"line":18,"column":12},"end":{"line":18,"column":68}},"9":{"start":{"line":20,"column":12},"end":{"line":20,"column":70}},"10":{"start":{"line":22,"column":13},"end":{"line":22,"column":73}},"11":{"start":{"line":24,"column":13},"end":{"line":24,"column":71}},"12":{"start":{"line":25,"column":13},"end":{"line":25,"column":28}},"13":{"start":{"line":38,"column":0},"end":{"line":51,"column":1}},"14":{"start":{"line":39,"column":2},"end":{"line":40,"column":12}},"15":{"start":{"line":42,"column":2},"end":{"line":48,"column":3}},"16":{"start":{"line":43,"column":4},"end":{"line":43,"column":13}},"17":{"start":{"line":44,"column":9},"end":{"line":48,"column":3}},"18":{"start":{"line":45,"column":4},"end":{"line":45,"column":12}},"19":{"start":{"line":46,"column":9},"end":{"line":48,"column":3}},"20":{"start":{"line":47,"column":4},"end":{"line":47,"column":12}},"21":{"start":{"line":50,"column":2},"end":{"line":50,"column":13}}},"branchMap":{"1":{"line":10,"type":"switch","locations":[{"start":{"line":11,"column":4},"end":{"line":11,"column":58}},{"start":{"line":12,"column":4},"end":{"line":12,"column":74}},{"start":{"line":13,"column":4},"end":{"line":13,"column":11}},{"start":{"line":14,"column":4},"end":{"line":14,"column":74}},{"start":{"line":15,"column":4},"end":{"line":15,"column":11}},{"start":{"line":16,"column":4},"end":{"line":16,"column":70}},{"start":{"line":17,"column":4},"end":{"line":17,"column":11}},{"start":{"line":18,"column":4},"end":{"line":18,"column":68}},{"start":{"line":19,"column":4},"end":{"line":19,"column":11}},{"start":{"line":20,"column":4},"end":{"line":20,"column":70}},{"start":{"line":21,"column":4},"end":{"line":21,"column":12}},{"start":{"line":22,"column":4},"end":{"line":22,"column":73}},{"start":{"line":23,"column":4},"end":{"line":23,"column":12}},{"start":{"line":24,"column":4},"end":{"line":24,"column":71}},{"start":{"line":25,"column":4},"end":{"line":25,"column":28}}]},"2":{"line":42,"type":"if","locations":[{"start":{"line":42,"column":2},"end":{"line":42,"column":2}},{"start":{"line":42,"column":2},"end":{"line":42,"column":2}}]},"3":{"line":44,"type":"if","locations":[{"start":{"line":44,"column":9},"end":{"line":44,"column":9}},{"start":{"line":44,"column":9},"end":{"line":44,"column":9}}]},"4":{"line":44,"type":"binary-expr","locations":[{"start":{"line":44,"column":13},"end":{"line":44,"column":22}},{"start":{"line":44,"column":26},"end":{"line":44,"column":32}}]},"5":{"line":46,"type":"if","locations":[{"start":{"line":46,"column":9},"end":{"line":46,"column":9}},{"start":{"line":46,"column":9},"end":{"line":46,"column":9}}]},"6":{"line":46,"type":"binary-expr","locations":[{"start":{"line":46,"column":13},"end":{"line":46,"column":20}},{"start":{"line":46,"column":24},"end":{"line":46,"column":31}},{"start":{"line":46,"column":36},"end":{"line":46,"column":42}},{"start":{"line":46,"column":46},"end":{"line":46,"column":52}}]}},"code":["var seconds = formatNum.bind(null, 'секунду', '%s секунду', '%s секунды', '%s секунд'),","  minutes = formatNum.bind(null, 'хвіліну', '%s хвіліну', '%s хвіліны', '%s хвілін'),","  hours = formatNum.bind(null, 'гадзіну', '%s гадзіну', '%s гадзіны', '%s гадзін'),","  days = formatNum.bind(null, 'дзень', '%s дзень', '%s дні', '%s дзён'),","  weeks = formatNum.bind(null, 'тыдзень', '%s тыдзень', '%s тыдні', '%s тыдняў'),","  months = formatNum.bind(null, 'месяц', '%s месяц', '%s месяцы', '%s месяцаў'),","  years = formatNum.bind(null, 'год', '%s год', '%s гады', '%s гадоў');","","module.exports = function(number, index) {","  switch(index) {","    case 0: return ['толькі што', 'праз некалькі секунд'];","    case 1: return [seconds(number) + ' таму', 'праз ' + seconds(number)];","    case 2:","    case 3: return [minutes(number) + ' таму', 'праз ' + minutes(number)];","    case 4:","    case 5: return [hours(number) + ' таму', 'праз ' + hours(number)];","    case 6: ","    case 7: return [days(number) + ' таму', 'праз ' + days(number)];","    case 8:","    case 9: return [weeks(number) + ' таму', 'праз ' + weeks(number)];","    case 10:","    case 11: return [months(number) + ' таму', 'праз ' + months(number)];","    case 12:","    case 13: return [years(number) + ' таму', 'праз ' + years(number)];","    default: return ['', '']","  }","};","","/**"," *"," * @param f1 - 1"," * @param f - 21, 31, ..."," * @param s - 2-4, 22-24, 32-34 ..."," * @param t - 5-20, 25-30, ..."," * @param n"," * @returns {string}"," */","function formatNum(f1, f, s, t, n) {","  var n10 = n % 10,","    str = t;","","  if (n === 1) {","    str = f1;","  } else if (n10 === 1 && n > 20) {","    str = f;","  } else if (n10 > 1 && n10 < 5 && (n > 20 || n < 10)) {","    str = s;","  }","","  return str;","}",""],"l":{"1":1,"9":1,"10":0,"11":0,"12":0,"14":0,"16":0,"18":0,"20":0,"22":0,"24":0,"25":0,"38":1,"39":0,"42":0,"43":0,"44":0,"45":0,"46":0,"47":0,"50":0}},"/home/travis/build/npmtest/node-npmtest-timeago.js/node_modules/timeago.js/locales/bg.js":{"path":"/home/travis/build/npmtest/node-npmtest-timeago.js/node_modules/timeago.js/locales/bg.js","s":{"1":1,"2":0},"b":{},"f":{"1":0},"fnMap":{"1":{"name":"(anonymous_1)","line":1,"loc":{"start":{"line":1,"column":17},"end":{"line":1,"column":41}}}},"statementMap":{"1":{"start":{"line":1,"column":0},"end":{"line":18,"column":1}},"2":{"start":{"line":2,"column":2},"end":{"line":17,"column":11}}},"branchMap":{},"code":["module.exports = function(number, index) {","  return [","    ['току що', 'съвсем скоро'],","    ['преди %s секунди', 'след %s секунди'],","    ['преди 1 минута', 'след 1 минута'],","    ['преди %s минути', 'след %s минути'],","    ['преди 1 час', 'след 1 час'],","    ['преди %s часа', 'след %s часа'],","    ['преди 1 ден', 'след 1 ден'],","    ['преди %s дни', 'след %s дни'],","    ['преди 1 седмица', 'след 1 седмица'],","    ['преди %s седмици', 'след %s седмици'],","    ['преди 1 месец', 'след 1 месец'],","    ['преди %s месеца', 'след %s месеца'],","    ['преди 1 година', 'след 1 година'],","    ['преди %s години', 'след %s години']","  ][index];","}",""],"l":{"1":1,"2":0}},"/home/travis/build/npmtest/node-npmtest-timeago.js/node_modules/timeago.js/locales/ca.js":{"path":"/home/travis/build/npmtest/node-npmtest-timeago.js/node_modules/timeago.js/locales/ca.js","s":{"1":1,"2":0},"b":{},"f":{"1":0},"fnMap":{"1":{"name":"(anonymous_1)","line":1,"loc":{"start":{"line":1,"column":17},"end":{"line":1,"column":41}}}},"statementMap":{"1":{"start":{"line":1,"column":0},"end":{"line":18,"column":1}},"2":{"start":{"line":2,"column":2},"end":{"line":17,"column":11}}},"branchMap":{},"code":["module.exports = function(number, index) {","  return [","    ['fa un moment', 'd\\'aquí un moment'],","    ['fa %s segons', 'd\\'aquí %s segons'],","    ['fa 1 minut', 'd\\'aquí 1 minut'],","    ['fa %s minuts', 'd\\'aquí %s minuts'],","    ['fa 1 hora', 'd\\'aquí 1 hora'],","    ['fa %s hores', 'd\\'aquí %s hores'],","    ['fa 1 dia', 'd\\'aquí 1 dia'],","    ['fa %s dies', 'd\\'aquí %s dies'],","    ['fa 1 setmana', 'd\\'aquí 1 setmana'],","    ['fa %s setmanes', 'd\\'aquí %s setmanes'],","    ['fa 1 mes', 'd\\'aquí 1 mes'],","    ['fa %s mesos', 'd\\'aquí %s mesos'],","    ['fa 1 any', 'd\\'aquí 1 any'],","    ['fa %s anys', 'd\\'aquí %s anys']","  ][index];","}",""],"l":{"1":1,"2":0}},"/home/travis/build/npmtest/node-npmtest-timeago.js/node_modules/timeago.js/locales/da.js":{"path":"/home/travis/build/npmtest/node-npmtest-timeago.js/node_modules/timeago.js/locales/da.js","s":{"1":1,"2":0},"b":{},"f":{"1":0},"fnMap":{"1":{"name":"(anonymous_1)","line":1,"loc":{"start":{"line":1,"column":17},"end":{"line":1,"column":41}}}},"statementMap":{"1":{"start":{"line":1,"column"
[...]
"end":{"line":111,"column":55}},"62":{"start":{"line":111,"column":18},"end":{"line":111,"column":55}},"63":{"start":{"line":113,"column":2},"end":{"line":115,"column":3}},"64":{"start":{"line":114,"column":4},"end":{"line":114,"column":40}},"65":{"start":{"line":128,"column":2},"end":{"line":134,"column":3}},"66":{"start":{"line":129,"column":4},"end":{"line":129,"column":27}},"67":{"start":{"line":131,"column":4},"end":{"line":131,"column":47}},"68":{"start":{"line":136,"column":2},"end":{"line":149,"column":4}},"69":{"start":{"line":137,"column":4},"end":{"line":139,"column":10}},"70":{"start":{"line":141,"column":4},"end":{"line":141,"column":66}},"71":{"start":{"line":143,"column":4},"end":{"line":146,"column":61}},"72":{"start":{"line":144,"column":6},"end":{"line":144,"column":40}},"73":{"start":{"line":145,"column":6},"end":{"line":145,"column":25}},"74":{"start":{"line":148,"column":4},"end":{"line":148,"column":26}},"75":{"start":{"line":161,"column":2},"end":{"line":163,"column":4}},"76":{"start":{"line":162,"column":4},"end":{"line":162,"column":79}},"77":{"start":{"line":178,"column":2},"end":{"line":183,"column":4}},"78":{"start":{"line":179,"column":4},"end":{"line":179,"column":52}},"79":{"start":{"line":179,"column":36},"end":{"line":179,"column":52}},"80":{"start":{"line":180,"column":4},"end":{"line":182,"column":5}},"81":{"start":{"line":181,"column":6},"end":{"line":181,"column":61}},"82":{"start":{"line":191,"column":2},"end":{"line":193,"column":4}},"83":{"start":{"line":192,"column":4},"end":{"line":192,"column":32}},"84":{"start":{"line":206,"column":2},"end":{"line":208,"column":3}},"85":{"start":{"line":207,"column":4},"end":{"line":207,"column":47}},"86":{"start":{"line":221,"column":2},"end":{"line":223,"column":4}},"87":{"start":{"line":222,"column":4},"end":{"line":222,"column":33}},"88":{"start":{"line":242,"column":2},"end":{"line":255,"column":4}},"89":{"start":{"line":243,"column":4},"end":{"line":243,"column":12}},"90":{"start":{"line":245,"column":4},"end":{"line":254,"column":5}},"91":{"start":{"line":246,"column":6},"end":{"line":246,"column":33}},"92":{"start":{"line":247,"column":6},"end":{"line":250,"column":7}},"93":{"start":{"line":248,"column":8},"end":{"line":248,"column":26}},"94":{"start":{"line":249,"column":8},"end":{"line":249,"column":27}},"95":{"start":{"line":252,"column":6},"end":{"line":252,"column":44}},"96":{"start":{"line":252,"column":26},"end":{"line":252,"column":44}},"97":{"start":{"line":253,"column":6},"end":{"line":253,"column":18}},"98":{"start":{"line":257,"column":2},"end":{"line":257,"column":24}}},"branchMap":{"1":{"line":9,"type":"if","locations":[{"start":{"line":9,"column":2},"end":{"line":9,"column":2}},{"start":{"line":9,"column":2},"end":{"line":9,"column":2}}]},"2":{"line":9,"type":"binary-expr","locations":[{"start":{"line":9,"column":6},"end":{"line":9,"column":32}},{"start":{"line":9,"column":36},"end":{"line":9,"column":50}}]},"3":{"line":15,"type":"cond-expr","locations":[{"start":{"line":15,"column":34},"end":{"line":15,"column":40}},{"start":{"line":15,"column":43},"end":{"line":15,"column":47}}]},"4":{"line":22,"type":"if","locations":[{"start":{"line":22,"column":8},"end":{"line":22,"column":8}},{"start":{"line":22,"column":8},"end":{"line":22,"column":8}}]},"5":{"line":24,"type":"if","locations":[{"start":{"line":24,"column":8},"end":{"line":24,"column":8}},{"start":{"line":24,"column":8},"end":{"line":24,"column":8}}]},"6":{"line":28,"type":"if","locations":[{"start":{"line":28,"column":8},"end":{"line":28,"column":8}},{"start":{"line":28,"column":8},"end":{"line":28,"column":8}}]},"7":{"line":42,"type":"if","locations":[{"start":{"line":42,"column":4},"end":{"line":42,"column":4}},{"start":{"line":42,"column":4},"end":{"line":42,"column":4}}]},"8":{"line":43,"type":"if","locations":[{"start":{"line":43,"column":4},"end":{"line":43,"column":4}},{"start":{"line":43,"column":4},"end":{"line":43,"column":4}}]},"9":{"line":44,"type":"if","locations":[{"start":{"line":44,"column":4},"end":{"line":44,"column":4}},{"start":{"line":44,"column":4},"end":{"line":44,"column":4}}]},"10":{"line":45,"type":"binary-expr","locations":[{"start":{"line":45,"column":13},"end":{"line":45,"column":18}},{"start":{"line":45,"column":22},"end":{"line":45,"column":24}}]},"11":{"line":60,"type":"cond-expr","locations":[{"start":{"line":60,"column":31},"end":{"line":60,"column":37}},{"start":{"line":60,"column":41},"end":{"line":60,"column":86}}]},"12":{"line":60,"type":"cond-expr","locations":[{"start":{"line":60,"column":66},"end":{"line":60,"column":79}},{"start":{"line":60,"column":82},"end":{"line":60,"column":86}}]},"13":{"line":63,"type":"cond-expr","locations":[{"start":{"line":63,"column":25},"end":{"line":63,"column":26}},{"start":{"line":63,"column":29},"end":{"line":63,"column":30}}]},"14":{"line":66,"type":"binary-expr","locations":[{"start":{"line":66,"column":11},"end":{"line":66,"column":31}},{"start":{"line":66,"column":35},"end":{"line":66,"column":52}}]},"15":{"line":72,"type":"if","locations":[{"start":{"line":72,"column":4},"end":{"line":72,"column":4}},{"start":{"line":72,"column":4},"end":{"line":72,"column":4}}]},"16":{"line":72,"type":"cond-expr","locations":[{"start":{"line":72,"column":26},"end":{"line":72,"column":27}},{"start":{"line":72,"column":30},"end":{"line":72,"column":31}}]},"17":{"line":77,"type":"cond-expr","locations":[{"start":{"line":77,"column":24},"end":{"line":77,"column":39}},{"start":{"line":77,"column":42},"end":{"line":77,"column":52}}]},"18":{"line":91,"type":"binary-expr","locations":[{"start":{"line":91,"column":11},"end":{"line":91,"column":31}},{"start":{"line":91,"column":35},"end":{"line":91,"column":52}}]},"19":{"line":97,"type":"cond-expr","locations":[{"start":{"line":97,"column":12},"end":{"line":97,"column":19}},{"start":{"line":97,"column":22},"end":{"line":97,"column":25}}]},"20":{"line":102,"type":"if","locations":[{"start":{"line":102,"column":4},"end":{"line":102,"column":4}},{"start":{"line":102,"column":4},"end":{"line":102,"column":4}}]},"21":{"line":106,"type":"if","locations":[{"start":{"line":106,"column":4},"end":{"line":106,"column":4}},{"start":{"line":106,"column":4},"end":{"line":106,"column":4}}]},"22":{"line":107,"type":"if","locations":[{"start":{"line":107,"column":4},"end":{"line":107,"column":4}},{"start":{"line":107,"column":4},"end":{"line":107,"column":4}}]},"23":{"line":110,"type":"if","locations":[{"start":{"line":110,"column":4},"end":{"line":110,"column":4}},{"start":{"line":110,"column":4},"end":{"line":110,"column":4}}]},"24":{"line":111,"type":"if","locations":[{"start":{"line":111,"column":4},"end":{"line":111,"column":4}},{"start":{"line":111,"column":4},"end":{"line":111,"column":4}}]},"25":{"line":131,"type":"binary-expr","locations":[{"start":{"line":131,"column":25},"end":{"line":131,"column":38}},{"start":{"line":131,"column":42},"end":{"line":131,"column":46}}]},"26":{"line":179,"type":"if","locations":[{"start":{"line":179,"column":4},"end":{"line":179,"column":4}},{"start":{"line":179,"column":4},"end":{"line":179,"column":4}}]},"27":{"line":245,"type":"if","locations":[{"start":{"line":245,"column":4},"end":{"line":245,"column":4}},{"start":{"line":245,"column":4},"end":{"line":245,"column":4}}]},"28":{"line":247,"type":"if","locations":[{"start":{"line":247,"column":6},"end":{"line":247,"column":6}},{"start":{"line":247,"column":6},"end":{"line":247,"column":6}}]}},"code":["/**"," * Copyright (c) 2016 hustcc"," * License: MIT"," * Version: %%GULP_INJECT_VERSION%%"," * https://github.com/hustcc/timeago.js","**/","/* jshint expr: true */","!function (root, factory) {","  if (typeof module === 'object' && module.exports) {","    module.exports = factory(root); // nodejs support","    module.exports['default'] = module.exports; // es6 support","  }","  else","    root.timeago = factory(root);","}(typeof window !== 'undefined' ? window : this,","function () {","  var indexMapEn = 'second_minute_hour_day_week_month_year'.split('_'),","    indexMapZh = '秒_分钟_小时_天_周_月_年'.split('_'),","    // build-in locales: en & zh_CN","    locales = {","      'en': function(number, index) {","        if (index === 0) return ['just now', 'right now'];","        var unit = indexMapEn[parseInt(index / 2)];","        if (number > 1) unit += 's';","        return [number + ' ' + unit + ' ago', 'in ' + number + ' ' + unit];","      },","      'zh_CN': function(number, index) {","        if (index === 0) return ['刚刚', '片刻后'];","        var unit = indexMapZh[parseInt(index / 2)];","        return [number + unit + '前', number + unit + '后'];","      }","    },","    // second, minute, hour, day, week, month, year(365 days)","    SEC_ARRAY = [60, 60, 24, 7, 365/7/12, 12],","    SEC_ARRAY_LEN = 6,","    ATTR_DATETIME = 'datetime',","    ATTR_DATA_TID = 'data-tid',","    timers = {}; // real-time render timers","","  // format Date / string / timestamp to Date instance.","  function toDate(input) {","    if (input instanceof Date) return input;","    if (!isNaN(input)) return new Date(toInt(input));","    if (/^\\d+$/.test(input)) return new Date(toInt(input));","    input = (input || '').trim().replace(/\\.\\d+/, '') // remove milliseconds","      .replace(/-/, '/').replace(/-/, '/')","      .replace(/(\\d)T(\\d)/, '$1 $2').replace(/Z/, ' UTC') // 2017-2-5T3:57:52Z -> 2017-2-5 3:57:52UTC","      .replace(/([\\+\\-]\\d\\d)\\:?(\\d\\d)/, ' $1$2'); // -04:00 -> -0400","    return new Date(input);","  }","  // change f into int, remove decimal. Just for code compression","  function toInt(f) {","    return parseInt(f);","  }","  // format the diff second to *** time ago, with setting locale","  function formatDiff(diff, locale, defaultLocale) {","    // if locale is not exist, use defaultLocale.","    // if defaultLocale is not exist, use build-in `en`.","    // be sure of no error when locale is not exist.","    locale = locales[locale] ? locale : (locales[defaultLocale] ? defaultLocale : 'en');","    // if (! locales[locale]) locale = defaultLocale;","    var i = 0,","      agoin = diff < 0 ? 1 : 0, // timein or timeago","      total_sec = diff = Math.abs(diff);","","    for (; diff >= SEC_ARRAY[i] && i < SEC_ARRAY_LEN; i++) {","      diff /= SEC_ARRAY[i];","    }","    diff = toInt(diff);","    i *= 2;","","    if (diff > (i === 0 ? 9 : 1)) i += 1;","    return locales[locale](diff, i, total_sec)[agoin].replace('%s', diff);","  }","  // calculate the diff second between date to be formated an now date.","  function diffSec(date, nowDate) {","    nowDate = nowDate ? toDate(nowDate) : new Date();","    return (nowDate - toDate(date)) / 1000;","  }","  /**","   * nextInterval: calculate the next interval time.","   * - diff: the diff sec between now and date to be formated.","   *","   * What's the meaning?","   * diff = 61 then return 59","   * diff = 3601 (an hour + 1 second), then return 3599","   * make the interval with high performace.","  **/","  function nextInterval(diff) {","    var rst = 1, i = 0, d = Math.abs(diff);","    for (; diff >= SEC_ARRAY[i] && i < SEC_ARRAY_LEN; i++) {","      diff /= SEC_ARRAY[i];","      rst *= SEC_ARRAY[i];","    }","    // return leftSec(d, rst);","    d = d % rst;","    d = d ? rst - d : rst;","    return Math.ceil(d);","  }","  // get the datetime attribute, jQuery and DOM","  function getDateAttr(node) {","    if(node.dataset.timeago) return node.dataset.timeago; // data-timeago supported","    return getAttr(node, ATTR_DATETIME);","  }","  function getAttr(node, name) {","    if(node.getAttribute) return node.getAttribute(name); // native","    if(node.attr) return node.attr(name); // jquery","  }","  function setTidAttr(node, val) {","    if(node.setAttribute) return node.setAttribute(ATTR_DATA_TID, val); // native","    if(node.attr) return node.attr(ATTR_DATA_TID, val); // jquery","  }","  function getTidFromNode(node) {","    return getAttr(node, ATTR_DATA_TID);","  }","  /**","   * timeago: the function to get `timeago` instance.","   * - nowDate: the relative date, default is new Date().","   * - defaultLocale: the default locale, default is en. if your set it, then the `locale` parameter of format is not needed of you.","   *","   * How to use it?","   * var timeagoLib = require('timeago.js');","   * var timeago = timeagoLib(); // all use default.","   * var timeago = timeagoLib('2016-09-10'); // the relative date is 2016-09-10, so the 2016-09-11 will be 1 day ago.","   * var timeago = timeagoLib(null, 'zh_CN'); // set default locale is `zh_CN`.","   * var timeago = timeagoLib('2016-09-10', 'zh_CN'); // the relative date is 2016-09-10, and locale is zh_CN, so the 2016-09-11 will be 1天前.","  **/","  function Timeago(nowDate, defaultLocale) {","    this.nowDate = nowDate;","    // if do not set the defaultLocale, set it with `en`","    this.defaultLocale = defaultLocale || 'en'; // use default build-in locale","    // for dev test","    // this.nextInterval = nextInterval;","  }","  // what the timer will do","  Timeago.prototype.doRender = function(node, date, locale) {","    var diff = diffSec(date, this.nowDate),","      self = this,","      tid;","    // delete previously assigned timeout's id to node","    node.innerHTML = formatDiff(diff, locale, this.defaultLocale);","    // waiting %s seconds, do the next render","    timers[tid = setTimeout(function() {","      self.doRender(node, date, locale);","      delete timers[tid];","    }, Math.min(nextInterval(diff) * 1000, 0x7FFFFFFF))] = 0; // there is no need to save node in object.","    // set attribute date-tid","    setTidAttr(node, tid);","  };","  /**","   * format: format the date to *** time ago, with setting or default locale","   * - date: the date / string / timestamp to be formated","   * - locale: the formated string's locale name, e.g. en / zh_CN","   *","   * How to use it?","   * var timeago = require('timeago.js')();","   * timeago.format(new Date(), 'pl'); // Date instance","   * timeago.format('2016-09-10', 'fr'); // formated date string","   * timeago.format(1473473400269); // timestamp with ms","  **/","  Timeago.prototype.format = function(date, locale) {","    return formatDiff(diffSec(date, this.nowDate), locale, this.defaultLocale);","  };","  /**","   * render: render the DOM real-time.","   * - nodes: which nodes will be rendered.","   * - locale: the locale name used to format date.","   *","   * How to use it?","   * var timeago = require('timeago.js')();","   * // 1. javascript selector","   * timeago.render(document.querySelectorAll('.need_to_be_rendered'));","   * // 2. use jQuery selector","   * timeago.render($('.need_to_be_rendered'), 'pl');","   *","   * Notice: please be sure the dom has attribute `datetime`.","  **/","  Timeago.prototype.render = function(nodes, locale) {","    if (nodes.length === undefined) nodes = [nodes];","    for (var i = 0, len = nodes.length; i < len; i++) {","      this.doRender(nodes[i], getDateAttr(nodes[i]), locale); // render item","    }","  };","  /**","   * setLocale: set the default locale name.","   *","   * How to use it?","   * var timeago = require('timeago.js')();","   * timeago.setLocale('fr');","  **/","  Timeago.prototype.setLocale = function(locale) {","    this.defaultLocale = locale;","  };","  /**","   * timeago: the function to get `timeago` instance.","   * - nowDate: the relative date, default is new Date().","   * - defaultLocale: the default locale, default is en. if your set it, then the `locale` parameter of format is not needed of you.","   *","   * How to use it?","   * var timeagoFactory = require('timeago.js');","   * var timeago = timeagoFactory(); // all use default.","   * var timeago = timeagoFactory('2016-09-10'); // the relative date is 2016-09-10, so the 2016-09-11 will be 1 day ago.","   * var timeago = timeagoFactory(null, 'zh_CN'); // set default locale is `zh_CN`.","   * var timeago = timeagoFactory('2016-09-10', 'zh_CN'); // the relative date is 2016-09-10, and locale is zh_CN, so the 2016-09-11 will be 1天前.","   **/","  function timeagoFactory(nowDate, defaultLocale) {","    return new Timeago(nowDate, defaultLocale);","  }","  /**","   * register: register a new language locale","   * - locale: locale name, e.g. en / zh_CN, notice the standard.","   * - localeFunc: the locale process function","   *","   * How to use it?","   * var timeagoFactory = require('timeago.js');","   *","   * timeagoFactory.register('the locale name', the_locale_func);","   * // or","   * timeagoFactory.register('pl', require('timeago.js/locales/pl'));","   **/","  timeagoFactory.register = function(locale, localeFunc) {","    locales[locale] = localeFunc;","  };","","  /**","   * cancel: cancels one or all the timers which are doing real-time render.","   *","   * How to use it?","   * For canceling all the timers:","   * var timeagoFactory = require('timeago.js');","   * var timeago = timeagoFactory();","   * timeago.render(document.querySelectorAll('.need_to_be_rendered'));","   * timeagoFactory.cancel(); // will stop all the timers, stop render in real time.","   *","   * For canceling single timer on specific node:","   * var timeagoFactory = require('timeago.js');","   * var timeago = timeagoFactory();","   * var nodes = document.querySelectorAll('.need_to_be_rendered');","   * timeago.render(nodes);","   * timeagoFactory.cancel(nodes[0]); // will clear a timer attached to the first node, stop render in real time.","   **/","  timeagoFactory.cancel = function(node) {","    var tid;","    // assigning in if statement to save space","    if (node) {","      tid = getTidFromNode(node);","      if (tid) {","        clearTimeout(tid);","        delete timers[tid];","      }","    } else {","      for (tid in timers) clearTimeout(tid);","      timers = {};","    }","  };","","  return timeagoFactory;","});",""],"l":{"8":1,"9":1,"10":1,"11":1,"14":0,"17":1,"22":0,"23":0,"24":0,"25":0,"28":0,"29":0,"30":0,"41":1,"42":0,"43":0,"44":0,"45":0,"49":0,"52":1,"53":0,"56":1,"60":0,"62":0,"66":0,"67":0,"69":0,"70":0,"72":0,"73":0,"76":1,"77":0,"78":0,"89":1,"90":0,"91":0,"92":0,"93":0,"96":0,"97":0,"98":0,"101":1,"102":0,"103":0,"105":1,"106":0,"107":0,"109":1,"110":0,"111":0,"113":1,"114":0,"128":1,"129":0,"131":0,"136":1,"137":0,"141":0,"143":0,"144":0,"145":0,"148":0,"161":1,"162":0,"178":1,"179":0,"180":0,"181":0,"191":1,"192":0,"206":1,"207":0,"221":1,"222":0,"242":1,"243":0,"245":0,"246":0,"247":0,"248":0,"249":0,"252":0,"253":0,"257":1}},"/home/travis/build/npmtest/node-npmtest-timeago.js/node_modules/timeago.js/src/timeago.locales.js":{"path":"/home/travis/build/npmtest/node-npmtest-timeago.js/node_modules/timeago.js/src/timeago.locales.js","s":{"1":2,"2":2,"3":2,"4":2,"5":2,"6":2},"b":{"1":[2,0],"2":[2,2]},"f":{},"fnMap":{},"statementMap":{"1":{"start":{"line":6,"column":0},"end":{"line":6,"column":50}},"2":{"start":{"line":7,"column":0},"end":{"line":7,"column":18}},"3":{"start":{"line":8,"column":0},"end":{"line":12,"column":1}},"4":{"start":{"line":9,"column":2},"end":{"line":9,"column":25}},"5":{"start":{"line":10,"column":2},"end":{"line":11,"column":62}},"6":{"start":{"line":11,"column":4},"end":{"line":11,"column":62}}},"branchMap":{"1":{"line":10,"type":"if","locations":[{"start":{"line":10,"column":2},"end":{"line":10,"column":2}},{"start":{"line":10,"column":2},"end":{"line":10,"column":2}}]},"2":{"line":10,"type":"binary-expr","locations":[{"start":{"line":10,"column":6},"end":{"line":10,"column":20}},{"start":{"line":10,"column":24},"end":{"line":10,"column":41}}]}},"code":["/**"," * Copyright (c) 2016 hustcc"," * License: MIT"," * https://github.com/hustcc/timeago.js","**/","var allLocales = require('../locales/locales.js');","var locale = null;","for (var i = allLocales.length - 1; i >= 0; i--) {","  locale = allLocales[i];","  if (locale != 'en' && locale != 'zh_CN')","    timeago.register(locale, require('../locales/' + locale));","};",""],"l":{"6":2,"7":2,"8":2,"9":2,"10":2,"11":2}}}